{"/Users/adezzani/bauScape/ecommerce-homepage/src/components/AvailabilitySelector.tsx": {"path":"/Users/adezzani/bauScape/ecommerce-homepage/src/components/AvailabilitySelector.tsx","statementMap":{"0":{"start":{"line":12,"column":23},"end":{"line":12,"column":null}},"1":{"start":{"line":40,"column":25},"end":{"line":40,"column":null}},"2":{"start":{"line":41,"column":29},"end":{"line":41,"column":null}},"3":{"start":{"line":42,"column":25},"end":{"line":42,"column":null}},"4":{"start":{"line":43,"column":39},"end":{"line":43,"column":null}},"5":{"start":{"line":44,"column":33},"end":{"line":44,"column":null}},"6":{"start":{"line":45,"column":47},"end":{"line":45,"column":null}},"7":{"start":{"line":46,"column":41},"end":{"line":46,"column":null}},"8":{"start":{"line":47,"column":37},"end":{"line":47,"column":null}},"9":{"start":{"line":48,"column":23},"end":{"line":48,"column":61}},"10":{"start":{"line":49,"column":47},"end":{"line":49,"column":null}},"11":{"start":{"line":50,"column":47},"end":{"line":50,"column":null}},"12":{"start":{"line":52,"column":2},"end":{"line":54,"column":null}},"13":{"start":{"line":53,"column":4},"end":{"line":53,"column":null}},"14":{"start":{"line":56,"column":27},"end":{"line":177,"column":null}},"15":{"start":{"line":57,"column":4},"end":{"line":176,"column":null}},"16":{"start":{"line":58,"column":6},"end":{"line":58,"column":null}},"17":{"start":{"line":59,"column":6},"end":{"line":59,"column":null}},"18":{"start":{"line":60,"column":12},"end":{"line":60,"column":null}},"19":{"start":{"line":64,"column":24},"end":{"line":64,"column":null}},"20":{"start":{"line":65,"column":27},"end":{"line":67,"column":null}},"21":{"start":{"line":68,"column":57},"end":{"line":72,"column":null}},"22":{"start":{"line":74,"column":6},"end":{"line":74,"column":null}},"23":{"start":{"line":74,"column":24},"end":{"line":74,"column":null}},"24":{"start":{"line":75,"column":6},"end":{"line":80,"column":null}},"25":{"start":{"line":76,"column":8},"end":{"line":76,"column":null}},"26":{"start":{"line":77,"column":8},"end":{"line":77,"column":null}},"27":{"start":{"line":78,"column":8},"end":{"line":78,"column":null}},"28":{"start":{"line":79,"column":8},"end":{"line":79,"column":null}},"29":{"start":{"line":83,"column":6},"end":{"line":93,"column":null}},"30":{"start":{"line":84,"column":8},"end":{"line":86,"column":null}},"31":{"start":{"line":85,"column":10},"end":{"line":85,"column":null}},"32":{"start":{"line":87,"column":8},"end":{"line":89,"column":null}},"33":{"start":{"line":88,"column":10},"end":{"line":88,"column":null}},"34":{"start":{"line":90,"column":8},"end":{"line":92,"column":null}},"35":{"start":{"line":91,"column":10},"end":{"line":91,"column":null}},"36":{"start":{"line":95,"column":42},"end":{"line":102,"column":null}},"37":{"start":{"line":104,"column":6},"end":{"line":104,"column":null}},"38":{"start":{"line":104,"column":22},"end":{"line":104,"column":null}},"39":{"start":{"line":107,"column":18},"end":{"line":107,"column":null}},"40":{"start":{"line":108,"column":26},"end":{"line":108,"column":null}},"41":{"start":{"line":109,"column":29},"end":{"line":129,"column":null}},"42":{"start":{"line":111,"column":8},"end":{"line":113,"column":null}},"43":{"start":{"line":112,"column":10},"end":{"line":112,"column":null}},"44":{"start":{"line":116,"column":8},"end":{"line":126,"column":null}},"45":{"start":{"line":117,"column":27},"end":{"line":117,"column":null}},"46":{"start":{"line":118,"column":27},"end":{"line":118,"column":null}},"47":{"start":{"line":119,"column":10},"end":{"line":119,"column":null}},"48":{"start":{"line":121,"column":29},"end":{"line":121,"column":null}},"49":{"start":{"line":123,"column":10},"end":{"line":125,"column":null}},"50":{"start":{"line":124,"column":12},"end":{"line":124,"column":26}},"51":{"start":{"line":128,"column":8},"end":{"line":128,"column":null}},"52":{"start":{"line":131,"column":6},"end":{"line":131,"column":null}},"53":{"start":{"line":135,"column":22},"end":{"line":135,"column":null}},"54":{"start":{"line":136,"column":6},"end":{"line":136,"column":null}},"55":{"start":{"line":137,"column":6},"end":{"line":137,"column":null}},"56":{"start":{"line":140,"column":6},"end":{"line":163,"column":null}},"57":{"start":{"line":141,"column":25},"end":{"line":141,"column":42}},"58":{"start":{"line":142,"column":8},"end":{"line":147,"column":null}},"59":{"start":{"line":148,"column":8},"end":{"line":148,"column":null}},"60":{"start":{"line":150,"column":8},"end":{"line":150,"column":null}},"61":{"start":{"line":151,"column":8},"end":{"line":151,"column":null}},"62":{"start":{"line":154,"column":11},"end":{"line":163,"column":null}},"63":{"start":{"line":155,"column":27},"end":{"line":155,"column":44}},"64":{"start":{"line":156,"column":8},"end":{"line":156,"column":null}},"65":{"start":{"line":157,"column":8},"end":{"line":157,"column":25}},"66":{"start":{"line":158,"column":8},"end":{"line":158,"column":null}},"67":{"start":{"line":161,"column":8},"end":{"line":161,"column":null}},"68":{"start":{"line":162,"column":8},"end":{"line":162,"column":null}},"69":{"start":{"line":165,"column":6},"end":{"line":165,"column":null}},"70":{"start":{"line":166,"column":23},"end":{"line":166,"column":null}},"71":{"start":{"line":167,"column":24},"end":{"line":167,"column":null}},"72":{"start":{"line":168,"column":6},"end":{"line":172,"column":null}},"73":{"start":{"line":169,"column":8},"end":{"line":169,"column":null}},"74":{"start":{"line":170,"column":13},"end":{"line":172,"column":null}},"75":{"start":{"line":171,"column":8},"end":{"line":171,"column":null}},"76":{"start":{"line":173,"column":6},"end":{"line":173,"column":null}},"77":{"start":{"line":175,"column":6},"end":{"line":175,"column":null}},"78":{"start":{"line":180,"column":2},"end":{"line":199,"column":null}},"79":{"start":{"line":181,"column":4},"end":{"line":198,"column":null}},"80":{"start":{"line":182,"column":23},"end":{"line":182,"column":31}},"81":{"start":{"line":184,"column":6},"end":{"line":197,"column":null}},"82":{"start":{"line":185,"column":8},"end":{"line":189,"column":null}},"83":{"start":{"line":191,"column":26},"end":{"line":193,"column":null}},"84":{"start":{"line":192,"column":10},"end":{"line":192,"column":null}},"85":{"start":{"line":194,"column":8},"end":{"line":194,"column":null}},"86":{"start":{"line":194,"column":21},"end":{"line":194,"column":null}},"87":{"start":{"line":196,"column":8},"end":{"line":196,"column":null}},"88":{"start":{"line":202,"column":2},"end":{"line":204,"column":null}},"89":{"start":{"line":203,"column":4},"end":{"line":203,"column":null}},"90":{"start":{"line":207,"column":2},"end":{"line":209,"column":null}},"91":{"start":{"line":208,"column":4},"end":{"line":208,"column":null}},"92":{"start":{"line":211,"column":21},"end":{"line":219,"column":null}},"93":{"start":{"line":212,"column":17},"end":{"line":212,"column":null}},"94":{"start":{"line":213,"column":4},"end":{"line":218,"column":null}},"95":{"start":{"line":221,"column":21},"end":{"line":225,"column":null}},"96":{"start":{"line":222,"column":4},"end":{"line":222,"column":null}},"97":{"start":{"line":222,"column":18},"end":{"line":222,"column":null}},"98":{"start":{"line":223,"column":29},"end":{"line":223,"column":null}},"99":{"start":{"line":224,"column":4},"end":{"line":224,"column":null}},"100":{"start":{"line":227,"column":26},"end":{"line":231,"column":null}},"101":{"start":{"line":228,"column":4},"end":{"line":228,"column":null}},"102":{"start":{"line":228,"column":16},"end":{"line":228,"column":null}},"103":{"start":{"line":229,"column":4},"end":{"line":229,"column":null}},"104":{"start":{"line":229,"column":14},"end":{"line":229,"column":null}},"105":{"start":{"line":230,"column":4},"end":{"line":230,"column":null}},"106":{"start":{"line":234,"column":58},"end":{"line":234,"column":null}},"107":{"start":{"line":235,"column":2},"end":{"line":240,"column":null}},"108":{"start":{"line":236,"column":4},"end":{"line":238,"column":null}},"109":{"start":{"line":237,"column":6},"end":{"line":237,"column":null}},"110":{"start":{"line":239,"column":4},"end":{"line":239,"column":null}},"111":{"start":{"line":242,"column":16},"end":{"line":242,"column":null}},"112":{"start":{"line":243,"column":25},"end":{"line":243,"column":null}},"113":{"start":{"line":246,"column":29},"end":{"line":246,"column":null}},"114":{"start":{"line":248,"column":2},"end":{"line":254,"column":null}},"115":{"start":{"line":256,"column":2},"end":{"line":263,"column":null}},"116":{"start":{"line":265,"column":2},"end":{"line":274,"column":null}},"117":{"start":{"line":276,"column":2},"end":{"line":308,"column":null}},"118":{"start":{"line":278,"column":4},"end":{"line":301,"column":null}},"119":{"start":{"line":280,"column":26},"end":{"line":280,"column":null}},"120":{"start":{"line":281,"column":6},"end":{"line":286,"column":null}},"121":{"start":{"line":282,"column":22},"end":{"line":282,"column":null}},"122":{"start":{"line":283,"column":20},"end":{"line":283,"column":null}},"123":{"start":{"line":284,"column":8},"end":{"line":284,"column":null}},"124":{"start":{"line":285,"column":8},"end":{"line":285,"column":null}},"125":{"start":{"line":311,"column":2},"end":{"line":338,"column":null}},"126":{"start":{"line":312,"column":21},"end":{"line":312,"column":29}},"127":{"start":{"line":315,"column":21},"end":{"line":315,"column":null}},"128":{"start":{"line":316,"column":4},"end":{"line":323,"column":null}},"129":{"start":{"line":317,"column":20},"end":{"line":317,"column":null}},"130":{"start":{"line":318,"column":18},"end":{"line":318,"column":null}},"131":{"start":{"line":319,"column":6},"end":{"line":319,"column":null}},"132":{"start":{"line":320,"column":6},"end":{"line":320,"column":null}},"133":{"start":{"line":321,"column":11},"end":{"line":323,"column":null}},"134":{"start":{"line":322,"column":6},"end":{"line":322,"column":null}},"135":{"start":{"line":341,"column":2},"end":{"line":356,"column":null}},"136":{"start":{"line":342,"column":17},"end":{"line":342,"column":41}},"137":{"start":{"line":359,"column":28},"end":{"line":359,"column":79}},"138":{"start":{"line":360,"column":29},"end":{"line":360,"column":null}},"139":{"start":{"line":361,"column":39},"end":{"line":361,"column":null}},"140":{"start":{"line":362,"column":35},"end":{"line":362,"column":null}},"141":{"start":{"line":362,"column":63},"end":{"line":362,"column":null}},"142":{"start":{"line":384,"column":34},"end":{"line":384,"column":57}},"143":{"start":{"line":385,"column":34},"end":{"line":385,"column":50}},"144":{"start":{"line":391,"column":22},"end":{"line":391,"column":null}},"145":{"start":{"line":393,"column":22},"end":{"line":400,"column":null}},"146":{"start":{"line":394,"column":37},"end":{"line":394,"column":49}},"147":{"start":{"line":395,"column":24},"end":{"line":395,"column":null}},"148":{"start":{"line":396,"column":24},"end":{"line":396,"column":41}},"149":{"start":{"line":399,"column":24},"end":{"line":399,"column":null}},"150":{"start":{"line":417,"column":35},"end":{"line":417,"column":null}},"151":{"start":{"line":417,"column":63},"end":{"line":417,"column":null}},"152":{"start":{"line":444,"column":16},"end":{"line":444,"column":null}},"153":{"start":{"line":445,"column":16},"end":{"line":445,"column":null}},"154":{"start":{"line":469,"column":20},"end":{"line":469,"column":null}},"155":{"start":{"line":488,"column":35},"end":{"line":488,"column":null}},"156":{"start":{"line":488,"column":63},"end":{"line":488,"column":null}},"157":{"start":{"line":508,"column":16},"end":{"line":510,"column":null}},"158":{"start":{"line":509,"column":18},"end":{"line":509,"column":null}}},"fnMap":{"0":{"name":"AvailabilitySelector","decl":{"start":{"line":33,"column":16},"end":{"line":33,"column":37}},"loc":{"start":{"line":39,"column":28},"end":{"line":527,"column":null}},"line":39},"1":{"name":"(anonymous_1)","decl":{"start":{"line":52,"column":12},"end":{"line":52,"column":null}},"loc":{"start":{"line":52,"column":12},"end":{"line":54,"column":5}},"line":52},"2":{"name":"(anonymous_2)","decl":{"start":{"line":56,"column":27},"end":{"line":56,"column":null}},"loc":{"start":{"line":56,"column":27},"end":{"line":177,"column":null}},"line":56},"3":{"name":"(anonymous_3)","decl":{"start":{"line":109,"column":49},"end":{"line":109,"column":null}},"loc":{"start":{"line":109,"column":49},"end":{"line":129,"column":null}},"line":109},"4":{"name":"(anonymous_4)","decl":{"start":{"line":180,"column":12},"end":{"line":180,"column":null}},"loc":{"start":{"line":180,"column":12},"end":{"line":199,"column":5}},"line":180},"5":{"name":"(anonymous_5)","decl":{"start":{"line":191,"column":37},"end":{"line":191,"column":null}},"loc":{"start":{"line":191,"column":37},"end":{"line":193,"column":11}},"line":191},"6":{"name":"(anonymous_6)","decl":{"start":{"line":194,"column":15},"end":{"line":194,"column":21}},"loc":{"start":{"line":194,"column":21},"end":{"line":194,"column":null}},"line":194},"7":{"name":"(anonymous_7)","decl":{"start":{"line":202,"column":12},"end":{"line":202,"column":null}},"loc":{"start":{"line":202,"column":12},"end":{"line":204,"column":5}},"line":202},"8":{"name":"(anonymous_8)","decl":{"start":{"line":207,"column":12},"end":{"line":207,"column":null}},"loc":{"start":{"line":207,"column":12},"end":{"line":209,"column":5}},"line":207},"9":{"name":"(anonymous_9)","decl":{"start":{"line":211,"column":21},"end":{"line":211,"column":22}},"loc":{"start":{"line":211,"column":22},"end":{"line":219,"column":null}},"line":211},"10":{"name":"(anonymous_10)","decl":{"start":{"line":221,"column":21},"end":{"line":221,"column":22}},"loc":{"start":{"line":221,"column":22},"end":{"line":225,"column":null}},"line":221},"11":{"name":"(anonymous_11)","decl":{"start":{"line":227,"column":26},"end":{"line":227,"column":27}},"loc":{"start":{"line":227,"column":49},"end":{"line":231,"column":null}},"line":227},"12":{"name":"(anonymous_12)","decl":{"start":{"line":235,"column":16},"end":{"line":235,"column":null}},"loc":{"start":{"line":235,"column":16},"end":{"line":240,"column":null}},"line":235},"13":{"name":"(anonymous_13)","decl":{"start":{"line":362,"column":58},"end":{"line":362,"column":63}},"loc":{"start":{"line":362,"column":63},"end":{"line":362,"column":null}},"line":362},"14":{"name":"(anonymous_14)","decl":{"start":{"line":383,"column":34},"end":{"line":383,"column":null}},"loc":{"start":{"line":383,"column":34},"end":{"line":413,"column":null}},"line":383},"15":{"name":"(anonymous_15)","decl":{"start":{"line":390,"column":29},"end":{"line":390,"column":null}},"loc":{"start":{"line":390,"column":29},"end":{"line":401,"column":null}},"line":390},"16":{"name":"(anonymous_16)","decl":{"start":{"line":417,"column":29},"end":{"line":417,"column":35}},"loc":{"start":{"line":417,"column":35},"end":{"line":417,"column":null}},"line":417},"17":{"name":"(anonymous_17)","decl":{"start":{"line":417,"column":55},"end":{"line":417,"column":63}},"loc":{"start":{"line":417,"column":63},"end":{"line":417,"column":null}},"line":417},"18":{"name":"(anonymous_18)","decl":{"start":{"line":443,"column":23},"end":{"line":443,"column":null}},"loc":{"start":{"line":443,"column":23},"end":{"line":446,"column":null}},"line":443},"19":{"name":"(anonymous_19)","decl":{"start":{"line":468,"column":27},"end":{"line":468,"column":null}},"loc":{"start":{"line":468,"column":27},"end":{"line":470,"column":null}},"line":468},"20":{"name":"(anonymous_20)","decl":{"start":{"line":488,"column":29},"end":{"line":488,"column":35}},"loc":{"start":{"line":488,"column":35},"end":{"line":488,"column":null}},"line":488},"21":{"name":"(anonymous_21)","decl":{"start":{"line":488,"column":55},"end":{"line":488,"column":63}},"loc":{"start":{"line":488,"column":63},"end":{"line":488,"column":null}},"line":488},"22":{"name":"(anonymous_22)","decl":{"start":{"line":507,"column":23},"end":{"line":507,"column":null}},"loc":{"start":{"line":507,"column":23},"end":{"line":511,"column":null}},"line":507}},"branchMap":{"0":{"loc":{"start":{"line":64,"column":24},"end":{"line":64,"column":null}},"type":"cond-expr","locations":[{"start":{"line":64,"column":50},"end":{"line":64,"column":60}},{"start":{"line":64,"column":60},"end":{"line":64,"column":null}}],"line":64},"1":{"loc":{"start":{"line":64,"column":60},"end":{"line":64,"column":null}},"type":"cond-expr","locations":[{"start":{"line":64,"column":91},"end":{"line":64,"column":106}},{"start":{"line":64,"column":106},"end":{"line":64,"column":null}}],"line":64},"2":{"loc":{"start":{"line":65,"column":27},"end":{"line":67,"column":null}},"type":"cond-expr","locations":[{"start":{"line":66,"column":10},"end":{"line":66,"column":null}},{"start":{"line":67,"column":10},"end":{"line":67,"column":null}}],"line":65},"3":{"loc":{"start":{"line":74,"column":6},"end":{"line":74,"column":null}},"type":"if","locations":[{"start":{"line":74,"column":6},"end":{"line":74,"column":null}},{"start":{},"end":{}}],"line":74},"4":{"loc":{"start":{"line":75,"column":6},"end":{"line":80,"column":null}},"type":"if","locations":[{"start":{"line":75,"column":6},"end":{"line":80,"column":null}},{"start":{},"end":{}}],"line":75},"5":{"loc":{"start":{"line":83,"column":6},"end":{"line":93,"column":null}},"type":"if","locations":[{"start":{"line":83,"column":6},"end":{"line":93,"column":null}},{"start":{},"end":{}}],"line":83},"6":{"loc":{"start":{"line":84,"column":8},"end":{"line":86,"column":null}},"type":"if","locations":[{"start":{"line":84,"column":8},"end":{"line":86,"column":null}},{"start":{},"end":{}}],"line":84},"7":{"loc":{"start":{"line":87,"column":8},"end":{"line":89,"column":null}},"type":"if","locations":[{"start":{"line":87,"column":8},"end":{"line":89,"column":null}},{"start":{},"end":{}}],"line":87},"8":{"loc":{"start":{"line":90,"column":8},"end":{"line":92,"column":null}},"type":"if","locations":[{"start":{"line":90,"column":8},"end":{"line":92,"column":null}},{"start":{},"end":{}}],"line":90},"9":{"loc":{"start":{"line":104,"column":6},"end":{"line":104,"column":null}},"type":"if","locations":[{"start":{"line":104,"column":6},"end":{"line":104,"column":null}},{"start":{},"end":{}}],"line":104},"10":{"loc":{"start":{"line":108,"column":26},"end":{"line":108,"column":null}},"type":"binary-expr","locations":[{"start":{"line":108,"column":26},"end":{"line":108,"column":55}},{"start":{"line":108,"column":55},"end":{"line":108,"column":null}}],"line":108},"11":{"loc":{"start":{"line":109,"column":30},"end":{"line":109,"column":39}},"type":"binary-expr","locations":[{"start":{"line":109,"column":30},"end":{"line":109,"column":38}},{"start":{"line":109,"column":38},"end":{"line":109,"column":39}}],"line":109},"12":{"loc":{"start":{"line":111,"column":8},"end":{"line":113,"column":null}},"type":"if","locations":[{"start":{"line":111,"column":8},"end":{"line":113,"column":null}},{"start":{},"end":{}}],"line":111},"13":{"loc":{"start":{"line":111,"column":12},"end":{"line":111,"column":86}},"type":"binary-expr","locations":[{"start":{"line":111,"column":12},"end":{"line":111,"column":49}},{"start":{"line":111,"column":53},"end":{"line":111,"column":86}}],"line":111},"14":{"loc":{"start":{"line":116,"column":8},"end":{"line":126,"column":null}},"type":"if","locations":[{"start":{"line":116,"column":8},"end":{"line":126,"column":null}},{"start":{},"end":{}}],"line":116},"15":{"loc":{"start":{"line":118,"column":27},"end":{"line":118,"column":null}},"type":"cond-expr","locations":[{"start":{"line":118,"column":44},"end":{"line":118,"column":72}},{"start":{"line":118,"column":72},"end":{"line":118,"column":null}}],"line":118},"16":{"loc":{"start":{"line":123,"column":10},"end":{"line":125,"column":null}},"type":"if","locations":[{"start":{"line":123,"column":10},"end":{"line":125,"column":null}},{"start":{},"end":{}}],"line":123},"17":{"loc":{"start":{"line":135,"column":22},"end":{"line":135,"column":null}},"type":"binary-expr","locations":[{"start":{"line":135,"column":22},"end":{"line":135,"column":53}},{"start":{"line":135,"column":53},"end":{"line":135,"column":null}}],"line":135},"18":{"loc":{"start":{"line":135,"column":54},"end":{"line":135,"column":63}},"type":"binary-expr","locations":[{"start":{"line":135,"column":54},"end":{"line":135,"column":62}},{"start":{"line":135,"column":62},"end":{"line":135,"column":63}}],"line":135},"19":{"loc":{"start":{"line":140,"column":6},"end":{"line":163,"column":null}},"type":"if","locations":[{"start":{"line":140,"column":6},"end":{"line":163,"column":null}},{"start":{"line":154,"column":11},"end":{"line":163,"column":null}}],"line":140},"20":{"loc":{"start":{"line":140,"column":10},"end":{"line":140,"column":63}},"type":"binary-expr","locations":[{"start":{"line":140,"column":10},"end":{"line":140,"column":36}},{"start":{"line":140,"column":36},"end":{"line":140,"column":63}}],"line":140},"21":{"loc":{"start":{"line":154,"column":11},"end":{"line":163,"column":null}},"type":"if","locations":[{"start":{"line":154,"column":11},"end":{"line":163,"column":null}},{"start":{"line":159,"column":13},"end":{"line":163,"column":null}}],"line":154},"22":{"loc":{"start":{"line":166,"column":23},"end":{"line":166,"column":null}},"type":"cond-expr","locations":[{"start":{"line":166,"column":46},"end":{"line":166,"column":57}},{"start":{"line":166,"column":60},"end":{"line":166,"column":null}}],"line":166},"23":{"loc":{"start":{"line":168,"column":6},"end":{"line":172,"column":null}},"type":"if","locations":[{"start":{"line":168,"column":6},"end":{"line":172,"column":null}},{"start":{"line":170,"column":13},"end":{"line":172,"column":null}}],"line":168},"24":{"loc":{"start":{"line":168,"column":10},"end":{"line":168,"column":69}},"type":"binary-expr","locations":[{"start":{"line":168,"column":10},"end":{"line":168,"column":42}},{"start":{"line":168,"column":42},"end":{"line":168,"column":69}}],"line":168},"25":{"loc":{"start":{"line":170,"column":13},"end":{"line":172,"column":null}},"type":"if","locations":[{"start":{"line":170,"column":13},"end":{"line":172,"column":null}},{"start":{},"end":{}}],"line":170},"26":{"loc":{"start":{"line":170,"column":17},"end":{"line":170,"column":79}},"type":"binary-expr","locations":[{"start":{"line":170,"column":17},"end":{"line":170,"column":49}},{"start":{"line":170,"column":49},"end":{"line":170,"column":79}}],"line":170},"27":{"loc":{"start":{"line":181,"column":4},"end":{"line":198,"column":null}},"type":"if","locations":[{"start":{"line":181,"column":4},"end":{"line":198,"column":null}},{"start":{},"end":{}}],"line":181},"28":{"loc":{"start":{"line":181,"column":8},"end":{"line":181,"column":52}},"type":"binary-expr","locations":[{"start":{"line":181,"column":8},"end":{"line":181,"column":34}},{"start":{"line":181,"column":34},"end":{"line":181,"column":52}}],"line":181},"29":{"loc":{"start":{"line":184,"column":6},"end":{"line":197,"column":null}},"type":"if","locations":[{"start":{"line":184,"column":6},"end":{"line":197,"column":null}},{"start":{"line":195,"column":13},"end":{"line":197,"column":null}}],"line":184},"30":{"loc":{"start":{"line":222,"column":4},"end":{"line":222,"column":null}},"type":"if","locations":[{"start":{"line":222,"column":4},"end":{"line":222,"column":null}},{"start":{},"end":{}}],"line":222},"31":{"loc":{"start":{"line":228,"column":4},"end":{"line":228,"column":null}},"type":"if","locations":[{"start":{"line":228,"column":4},"end":{"line":228,"column":null}},{"start":{},"end":{}}],"line":228},"32":{"loc":{"start":{"line":229,"column":4},"end":{"line":229,"column":null}},"type":"if","locations":[{"start":{"line":229,"column":4},"end":{"line":229,"column":null}},{"start":{},"end":{}}],"line":229},"33":{"loc":{"start":{"line":236,"column":4},"end":{"line":238,"column":null}},"type":"if","locations":[{"start":{"line":236,"column":4},"end":{"line":238,"column":null}},{"start":{},"end":{}}],"line":236},"34":{"loc":{"start":{"line":246,"column":29},"end":{"line":246,"column":null}},"type":"binary-expr","locations":[{"start":{"line":246,"column":29},"end":{"line":246,"column":50}},{"start":{"line":246,"column":50},"end":{"line":246,"column":72}},{"start":{"line":246,"column":72},"end":{"line":246,"column":null}}],"line":246},"35":{"loc":{"start":{"line":248,"column":2},"end":{"line":254,"column":null}},"type":"if","locations":[{"start":{"line":248,"column":2},"end":{"line":254,"column":null}},{"start":{},"end":{}}],"line":248},"36":{"loc":{"start":{"line":256,"column":2},"end":{"line":263,"column":null}},"type":"if","locations":[{"start":{"line":256,"column":2},"end":{"line":263,"column":null}},{"start":{},"end":{}}],"line":256},"37":{"loc":{"start":{"line":265,"column":2},"end":{"line":274,"column":null}},"type":"if","locations":[{"start":{"line":265,"column":2},"end":{"line":274,"column":null}},{"start":{},"end":{}}],"line":265},"38":{"loc":{"start":{"line":276,"column":2},"end":{"line":308,"column":null}},"type":"if","locations":[{"start":{"line":276,"column":2},"end":{"line":308,"column":null}},{"start":{},"end":{}}],"line":276},"39":{"loc":{"start":{"line":278,"column":4},"end":{"line":301,"column":null}},"type":"if","locations":[{"start":{"line":278,"column":4},"end":{"line":301,"column":null}},{"start":{},"end":{}}],"line":278},"40":{"loc":{"start":{"line":278,"column":8},"end":{"line":278,"column":49}},"type":"binary-expr","locations":[{"start":{"line":278,"column":8},"end":{"line":278,"column":34}},{"start":{"line":278,"column":34},"end":{"line":278,"column":49}}],"line":278},"41":{"loc":{"start":{"line":281,"column":6},"end":{"line":286,"column":null}},"type":"if","locations":[{"start":{"line":281,"column":6},"end":{"line":286,"column":null}},{"start":{},"end":{}}],"line":281},"42":{"loc":{"start":{"line":281,"column":10},"end":{"line":281,"column":70}},"type":"binary-expr","locations":[{"start":{"line":281,"column":10},"end":{"line":281,"column":28}},{"start":{"line":281,"column":28},"end":{"line":281,"column":48}},{"start":{"line":281,"column":48},"end":{"line":281,"column":70}}],"line":281},"43":{"loc":{"start":{"line":292,"column":13},"end":{"line":292,"column":null}},"type":"binary-expr","locations":[{"start":{"line":292,"column":13},"end":{"line":292,"column":30}},{"start":{"line":292,"column":30},"end":{"line":292,"column":null}}],"line":292},"44":{"loc":{"start":{"line":311,"column":2},"end":{"line":338,"column":null}},"type":"if","locations":[{"start":{"line":311,"column":2},"end":{"line":338,"column":null}},{"start":{},"end":{}}],"line":311},"45":{"loc":{"start":{"line":311,"column":6},"end":{"line":311,"column":50}},"type":"binary-expr","locations":[{"start":{"line":311,"column":6},"end":{"line":311,"column":32}},{"start":{"line":311,"column":32},"end":{"line":311,"column":50}}],"line":311},"46":{"loc":{"start":{"line":316,"column":4},"end":{"line":323,"column":null}},"type":"if","locations":[{"start":{"line":316,"column":4},"end":{"line":323,"column":null}},{"start":{"line":321,"column":11},"end":{"line":323,"column":null}}],"line":316},"47":{"loc":{"start":{"line":316,"column":8},"end":{"line":316,"column":50}},"type":"binary-expr","locations":[{"start":{"line":316,"column":8},"end":{"line":316,"column":28}},{"start":{"line":316,"column":28},"end":{"line":316,"column":50}}],"line":316},"48":{"loc":{"start":{"line":321,"column":11},"end":{"line":323,"column":null}},"type":"if","locations":[{"start":{"line":321,"column":11},"end":{"line":323,"column":null}},{"start":{},"end":{}}],"line":321},"49":{"loc":{"start":{"line":329,"column":11},"end":{"line":329,"column":null}},"type":"binary-expr","locations":[{"start":{"line":329,"column":11},"end":{"line":329,"column":25}},{"start":{"line":329,"column":25},"end":{"line":329,"column":null}}],"line":329},"50":{"loc":{"start":{"line":341,"column":2},"end":{"line":356,"column":null}},"type":"if","locations":[{"start":{"line":341,"column":2},"end":{"line":356,"column":null}},{"start":{},"end":{}}],"line":341},"51":{"loc":{"start":{"line":341,"column":6},"end":{"line":341,"column":88}},"type":"binary-expr","locations":[{"start":{"line":341,"column":6},"end":{"line":341,"column":29}},{"start":{"line":341,"column":29},"end":{"line":341,"column":51}},{"start":{"line":341,"column":51},"end":{"line":341,"column":88}}],"line":341},"52":{"loc":{"start":{"line":359,"column":28},"end":{"line":359,"column":79}},"type":"cond-expr","locations":[{"start":{"line":359,"column":43},"end":{"line":359,"column":74}},{"start":{"line":359,"column":77},"end":{"line":359,"column":79}}],"line":359},"53":{"loc":{"start":{"line":359,"column":43},"end":{"line":359,"column":74}},"type":"binary-expr","locations":[{"start":{"line":359,"column":43},"end":{"line":359,"column":68}},{"start":{"line":359,"column":72},"end":{"line":359,"column":74}}],"line":359},"54":{"loc":{"start":{"line":384,"column":34},"end":{"line":384,"column":57}},"type":"binary-expr","locations":[{"start":{"line":384,"column":34},"end":{"line":384,"column":51}},{"start":{"line":384,"column":55},"end":{"line":384,"column":57}}],"line":384},"55":{"loc":{"start":{"line":393,"column":22},"end":{"line":400,"column":null}},"type":"if","locations":[{"start":{"line":393,"column":22},"end":{"line":400,"column":null}},{"start":{"line":397,"column":29},"end":{"line":400,"column":null}}],"line":393},"56":{"loc":{"start":{"line":393,"column":26},"end":{"line":393,"column":57}},"type":"binary-expr","locations":[{"start":{"line":393,"column":26},"end":{"line":393,"column":45}},{"start":{"line":393,"column":45},"end":{"line":393,"column":57}}],"line":393},"57":{"loc":{"start":{"line":403,"column":22},"end":{"line":405,"column":null}},"type":"cond-expr","locations":[{"start":{"line":404,"column":26},"end":{"line":404,"column":null}},{"start":{"line":405,"column":26},"end":{"line":405,"column":null}}],"line":403},"58":{"loc":{"start":{"line":472,"column":20},"end":{"line":474,"column":null}},"type":"cond-expr","locations":[{"start":{"line":473,"column":24},"end":{"line":473,"column":null}},{"start":{"line":474,"column":24},"end":{"line":474,"column":null}}],"line":472},"59":{"loc":{"start":{"line":479,"column":74},"end":{"line":479,"column":117}},"type":"cond-expr","locations":[{"start":{"line":479,"column":103},"end":{"line":479,"column":111}},{"start":{"line":479,"column":111},"end":{"line":479,"column":117}}],"line":479},"60":{"loc":{"start":{"line":508,"column":16},"end":{"line":510,"column":null}},"type":"if","locations":[{"start":{"line":508,"column":16},"end":{"line":510,"column":null}},{"start":{},"end":{}}],"line":508},"61":{"loc":{"start":{"line":513,"column":16},"end":{"line":515,"column":null}},"type":"cond-expr","locations":[{"start":{"line":514,"column":20},"end":{"line":514,"column":null}},{"start":{"line":515,"column":20},"end":{"line":515,"column":null}}],"line":513},"62":{"loc":{"start":{"line":518,"column":68},"end":{"line":518,"column":128}},"type":"cond-expr","locations":[{"start":{"line":518,"column":114},"end":{"line":518,"column":122}},{"start":{"line":518,"column":122},"end":{"line":518,"column":128}}],"line":518}},"s":{"0":1,"1":36,"2":36,"3":36,"4":36,"5":36,"6":36,"7":36,"8":36,"9":36,"10":36,"11":36,"12":36,"13":17,"14":36,"15":17,"16":17,"17":17,"18":17,"19":17,"20":17,"21":17,"22":17,"23":0,"24":17,"25":17,"26":17,"27":17,"28":17,"29":0,"30":0,"31":0,"32":0,"33":0,"34":0,"35":0,"36":0,"37":0,"38":0,"39":0,"40":0,"41":17,"42":0,"43":0,"44":0,"45":0,"46":0,"47":0,"48":0,"49":0,"50":0,"51":0,"52":17,"53":17,"54":17,"55":17,"56":17,"57":0,"58":0,"59":0,"60":0,"61":0,"62":0,"63":0,"64":0,"65":0,"66":0,"67":0,"68":0,"69":0,"70":0,"71":0,"72":0,"73":0,"74":0,"75":0,"76":0,"77":17,"78":36,"79":17,"80":0,"81":0,"82":0,"83":0,"84":0,"85":0,"86":0,"87":0,"88":36,"89":17,"90":36,"91":17,"92":36,"93":0,"94":0,"95":36,"96":0,"97":0,"98":0,"99":0,"100":36,"101":0,"102":0,"103":0,"104":0,"105":0,"106":36,"107":36,"108":0,"109":0,"110":0,"111":36,"112":36,"113":36,"114":36,"115":0,"116":0,"117":0,"118":0,"119":0,"120":0,"121":0,"122":0,"123":0,"124":0,"125":0,"126":0,"127":0,"128":0,"129":0,"130":0,"131":0,"132":0,"133":0,"134":0,"135":0,"136":0,"137":0,"138":36,"139":36,"140":36,"141":0,"142":0,"143":0,"144":0,"145":0,"146":0,"147":0,"148":0,"149":0,"150":0,"151":0,"152":0,"153":0,"154":0,"155":0,"156":0,"157":0,"158":0},"f":{"0":36,"1":17,"2":17,"3":0,"4":17,"5":0,"6":0,"7":17,"8":17,"9":0,"10":0,"11":0,"12":0,"13":0,"14":0,"15":0,"16":0,"17":0,"18":0,"19":0,"20":0,"21":0,"22":0},"b":{"0":[0,17],"1":[7,10],"2":[10,7],"3":[0,17],"4":[17,0],"5":[0,0],"6":[0,0],"7":[0,0],"8":[0,0],"9":[0,0],"10":[0,0],"11":[17,0],"12":[0,0],"13":[0,0],"14":[0,0],"15":[0,0],"16":[0,0],"17":[17,0],"18":[0,0],"19":[0,0],"20":[17,0],"21":[0,0],"22":[0,0],"23":[0,0],"24":[0,0],"25":[0,0],"26":[0,0],"27":[0,17],"28":[17,10],"29":[0,0],"30":[0,0],"31":[0,0],"32":[0,0],"33":[0,0],"34":[36,35,0],"35":[35,1],"36":[0,0],"37":[0,0],"38":[0,0],"39":[0,0],"40":[0,0],"41":[0,0],"42":[0,0,0],"43":[0,0],"44":[0,0],"45":[0,0],"46":[0,0],"47":[0,0],"48":[0,0],"49":[0,0],"50":[0,0],"51":[0,0,0],"52":[0,0],"53":[0,0],"54":[0,0],"55":[0,0],"56":[0,0],"57":[0,0],"58":[0,0],"59":[0,0],"60":[0,0],"61":[0,0],"62":[0,0]},"meta":{"lastBranch":63,"lastFunction":23,"lastStatement":159,"seen":{"s:12:23:12:Infinity":0,"f:33:16:33:37":0,"s:40:25:40:Infinity":1,"s:41:29:41:Infinity":2,"s:42:25:42:Infinity":3,"s:43:39:43:Infinity":4,"s:44:33:44:Infinity":5,"s:45:47:45:Infinity":6,"s:46:41:46:Infinity":7,"s:47:37:47:Infinity":8,"s:48:23:48:61":9,"s:49:47:49:Infinity":10,"s:50:47:50:Infinity":11,"s:52:2:54:Infinity":12,"f:52:12:52:Infinity":1,"s:53:4:53:Infinity":13,"s:56:27:177:Infinity":14,"f:56:27:56:Infinity":2,"s:57:4:176:Infinity":15,"s:58:6:58:Infinity":16,"s:59:6:59:Infinity":17,"s:60:12:60:Infinity":18,"s:64:24:64:Infinity":19,"b:64:50:64:60:64:60:64:Infinity":0,"b:64:91:64:106:64:106:64:Infinity":1,"s:65:27:67:Infinity":20,"b:66:10:66:Infinity:67:10:67:Infinity":2,"s:68:57:72:Infinity":21,"b:74:6:74:Infinity:undefined:undefined:undefined:undefined":3,"s:74:6:74:Infinity":22,"s:74:24:74:Infinity":23,"b:75:6:80:Infinity:undefined:undefined:undefined:undefined":4,"s:75:6:80:Infinity":24,"s:76:8:76:Infinity":25,"s:77:8:77:Infinity":26,"s:78:8:78:Infinity":27,"s:79:8:79:Infinity":28,"b:83:6:93:Infinity:undefined:undefined:undefined:undefined":5,"s:83:6:93:Infinity":29,"b:84:8:86:Infinity:undefined:undefined:undefined:undefined":6,"s:84:8:86:Infinity":30,"s:85:10:85:Infinity":31,"b:87:8:89:Infinity:undefined:undefined:undefined:undefined":7,"s:87:8:89:Infinity":32,"s:88:10:88:Infinity":33,"b:90:8:92:Infinity:undefined:undefined:undefined:undefined":8,"s:90:8:92:Infinity":34,"s:91:10:91:Infinity":35,"s:95:42:102:Infinity":36,"b:104:6:104:Infinity:undefined:undefined:undefined:undefined":9,"s:104:6:104:Infinity":37,"s:104:22:104:Infinity":38,"s:107:18:107:Infinity":39,"s:108:26:108:Infinity":40,"b:108:26:108:55:108:55:108:Infinity":10,"s:109:29:129:Infinity":41,"b:109:30:109:38:109:38:109:39":11,"f:109:49:109:Infinity":3,"b:111:8:113:Infinity:undefined:undefined:undefined:undefined":12,"s:111:8:113:Infinity":42,"b:111:12:111:49:111:53:111:86":13,"s:112:10:112:Infinity":43,"b:116:8:126:Infinity:undefined:undefined:undefined:undefined":14,"s:116:8:126:Infinity":44,"s:117:27:117:Infinity":45,"s:118:27:118:Infinity":46,"b:118:44:118:72:118:72:118:Infinity":15,"s:119:10:119:Infinity":47,"s:121:29:121:Infinity":48,"b:123:10:125:Infinity:undefined:undefined:undefined:undefined":16,"s:123:10:125:Infinity":49,"s:124:12:124:26":50,"s:128:8:128:Infinity":51,"s:131:6:131:Infinity":52,"s:135:22:135:Infinity":53,"b:135:22:135:53:135:53:135:Infinity":17,"b:135:54:135:62:135:62:135:63":18,"s:136:6:136:Infinity":54,"s:137:6:137:Infinity":55,"b:140:6:163:Infinity:154:11:163:Infinity":19,"s:140:6:163:Infinity":56,"b:140:10:140:36:140:36:140:63":20,"s:141:25:141:42":57,"s:142:8:147:Infinity":58,"s:148:8:148:Infinity":59,"s:150:8:150:Infinity":60,"s:151:8:151:Infinity":61,"b:154:11:163:Infinity:159:13:163:Infinity":21,"s:154:11:163:Infinity":62,"s:155:27:155:44":63,"s:156:8:156:Infinity":64,"s:157:8:157:25":65,"s:158:8:158:Infinity":66,"s:161:8:161:Infinity":67,"s:162:8:162:Infinity":68,"s:165:6:165:Infinity":69,"s:166:23:166:Infinity":70,"b:166:46:166:57:166:60:166:Infinity":22,"s:167:24:167:Infinity":71,"b:168:6:172:Infinity:170:13:172:Infinity":23,"s:168:6:172:Infinity":72,"b:168:10:168:42:168:42:168:69":24,"s:169:8:169:Infinity":73,"b:170:13:172:Infinity:undefined:undefined:undefined:undefined":25,"s:170:13:172:Infinity":74,"b:170:17:170:49:170:49:170:79":26,"s:171:8:171:Infinity":75,"s:173:6:173:Infinity":76,"s:175:6:175:Infinity":77,"s:180:2:199:Infinity":78,"f:180:12:180:Infinity":4,"b:181:4:198:Infinity:undefined:undefined:undefined:undefined":27,"s:181:4:198:Infinity":79,"b:181:8:181:34:181:34:181:52":28,"s:182:23:182:31":80,"b:184:6:197:Infinity:195:13:197:Infinity":29,"s:184:6:197:Infinity":81,"s:185:8:189:Infinity":82,"s:191:26:193:Infinity":83,"f:191:37:191:Infinity":5,"s:192:10:192:Infinity":84,"s:194:8:194:Infinity":85,"f:194:15:194:21":6,"s:194:21:194:Infinity":86,"s:196:8:196:Infinity":87,"s:202:2:204:Infinity":88,"f:202:12:202:Infinity":7,"s:203:4:203:Infinity":89,"s:207:2:209:Infinity":90,"f:207:12:207:Infinity":8,"s:208:4:208:Infinity":91,"s:211:21:219:Infinity":92,"f:211:21:211:22":9,"s:212:17:212:Infinity":93,"s:213:4:218:Infinity":94,"s:221:21:225:Infinity":95,"f:221:21:221:22":10,"b:222:4:222:Infinity:undefined:undefined:undefined:undefined":30,"s:222:4:222:Infinity":96,"s:222:18:222:Infinity":97,"s:223:29:223:Infinity":98,"s:224:4:224:Infinity":99,"s:227:26:231:Infinity":100,"f:227:26:227:27":11,"b:228:4:228:Infinity:undefined:undefined:undefined:undefined":31,"s:228:4:228:Infinity":101,"s:228:16:228:Infinity":102,"b:229:4:229:Infinity:undefined:undefined:undefined:undefined":32,"s:229:4:229:Infinity":103,"s:229:14:229:Infinity":104,"s:230:4:230:Infinity":105,"s:234:58:234:Infinity":106,"s:235:2:240:Infinity":107,"f:235:16:235:Infinity":12,"b:236:4:238:Infinity:undefined:undefined:undefined:undefined":33,"s:236:4:238:Infinity":108,"s:237:6:237:Infinity":109,"s:239:4:239:Infinity":110,"s:242:16:242:Infinity":111,"s:243:25:243:Infinity":112,"s:246:29:246:Infinity":113,"b:246:29:246:50:246:50:246:72:246:72:246:Infinity":34,"b:248:2:254:Infinity:undefined:undefined:undefined:undefined":35,"s:248:2:254:Infinity":114,"b:256:2:263:Infinity:undefined:undefined:undefined:undefined":36,"s:256:2:263:Infinity":115,"b:265:2:274:Infinity:undefined:undefined:undefined:undefined":37,"s:265:2:274:Infinity":116,"b:276:2:308:Infinity:undefined:undefined:undefined:undefined":38,"s:276:2:308:Infinity":117,"b:278:4:301:Infinity:undefined:undefined:undefined:undefined":39,"s:278:4:301:Infinity":118,"b:278:8:278:34:278:34:278:49":40,"s:280:26:280:Infinity":119,"b:281:6:286:Infinity:undefined:undefined:undefined:undefined":41,"s:281:6:286:Infinity":120,"b:281:10:281:28:281:28:281:48:281:48:281:70":42,"s:282:22:282:Infinity":121,"s:283:20:283:Infinity":122,"s:284:8:284:Infinity":123,"s:285:8:285:Infinity":124,"b:292:13:292:30:292:30:292:Infinity":43,"b:311:2:338:Infinity:undefined:undefined:undefined:undefined":44,"s:311:2:338:Infinity":125,"b:311:6:311:32:311:32:311:50":45,"s:312:21:312:29":126,"s:315:21:315:Infinity":127,"b:316:4:323:Infinity:321:11:323:Infinity":46,"s:316:4:323:Infinity":128,"b:316:8:316:28:316:28:316:50":47,"s:317:20:317:Infinity":129,"s:318:18:318:Infinity":130,"s:319:6:319:Infinity":131,"s:320:6:320:Infinity":132,"b:321:11:323:Infinity:undefined:undefined:undefined:undefined":48,"s:321:11:323:Infinity":133,"s:322:6:322:Infinity":134,"b:329:11:329:25:329:25:329:Infinity":49,"b:341:2:356:Infinity:undefined:undefined:undefined:undefined":50,"s:341:2:356:Infinity":135,"b:341:6:341:29:341:29:341:51:341:51:341:88":51,"s:342:17:342:41":136,"s:359:28:359:79":137,"b:359:43:359:74:359:77:359:79":52,"b:359:43:359:68:359:72:359:74":53,"s:360:29:360:Infinity":138,"s:361:39:361:Infinity":139,"s:362:35:362:Infinity":140,"f:362:58:362:63":13,"s:362:63:362:Infinity":141,"f:383:34:383:Infinity":14,"s:384:34:384:57":142,"b:384:34:384:51:384:55:384:57":54,"s:385:34:385:50":143,"f:390:29:390:Infinity":15,"s:391:22:391:Infinity":144,"b:393:22:400:Infinity:397:29:400:Infinity":55,"s:393:22:400:Infinity":145,"b:393:26:393:45:393:45:393:57":56,"s:394:37:394:49":146,"s:395:24:395:Infinity":147,"s:396:24:396:41":148,"s:399:24:399:Infinity":149,"b:404:26:404:Infinity:405:26:405:Infinity":57,"f:417:29:417:35":16,"s:417:35:417:Infinity":150,"f:417:55:417:63":17,"s:417:63:417:Infinity":151,"f:443:23:443:Infinity":18,"s:444:16:444:Infinity":152,"s:445:16:445:Infinity":153,"f:468:27:468:Infinity":19,"s:469:20:469:Infinity":154,"b:473:24:473:Infinity:474:24:474:Infinity":58,"b:479:103:479:111:479:111:479:117":59,"f:488:29:488:35":20,"s:488:35:488:Infinity":155,"f:488:55:488:63":21,"s:488:63:488:Infinity":156,"f:507:23:507:Infinity":22,"b:508:16:510:Infinity:undefined:undefined:undefined:undefined":60,"s:508:16:510:Infinity":157,"s:509:18:509:Infinity":158,"b:514:20:514:Infinity:515:20:515:Infinity":61,"b:518:114:518:122:518:122:518:128":62}}}
,"/Users/adezzani/bauScape/ecommerce-homepage/src/components/Header.tsx": {"path":"/Users/adezzani/bauScape/ecommerce-homepage/src/components/Header.tsx","statementMap":{"0":{"start":{"line":23,"column":27},"end":{"line":23,"column":null}},"1":{"start":{"line":34,"column":17},"end":{"line":34,"column":null}},"2":{"start":{"line":43,"column":27},"end":{"line":43,"column":null}},"3":{"start":{"line":50,"column":27},"end":{"line":50,"column":null}},"4":{"start":{"line":57,"column":27},"end":{"line":57,"column":null}},"5":{"start":{"line":64,"column":27},"end":{"line":64,"column":null}},"6":{"start":{"line":71,"column":27},"end":{"line":71,"column":null}}},"fnMap":{"0":{"name":"Header","decl":{"start":{"line":8,"column":16},"end":{"line":8,"column":23}},"loc":{"start":{"line":8,"column":63},"end":{"line":81,"column":null}},"line":8},"1":{"name":"(anonymous_1)","decl":{"start":{"line":23,"column":21},"end":{"line":23,"column":27}},"loc":{"start":{"line":23,"column":27},"end":{"line":23,"column":null}},"line":23},"2":{"name":"(anonymous_2)","decl":{"start":{"line":32,"column":23},"end":{"line":32,"column":24}},"loc":{"start":{"line":32,"column":24},"end":{"line":35,"column":null}},"line":32},"3":{"name":"(anonymous_3)","decl":{"start":{"line":43,"column":21},"end":{"line":43,"column":27}},"loc":{"start":{"line":43,"column":27},"end":{"line":43,"column":null}},"line":43},"4":{"name":"(anonymous_4)","decl":{"start":{"line":50,"column":21},"end":{"line":50,"column":27}},"loc":{"start":{"line":50,"column":27},"end":{"line":50,"column":null}},"line":50},"5":{"name":"(anonymous_5)","decl":{"start":{"line":57,"column":21},"end":{"line":57,"column":27}},"loc":{"start":{"line":57,"column":27},"end":{"line":57,"column":null}},"line":57},"6":{"name":"(anonymous_6)","decl":{"start":{"line":64,"column":21},"end":{"line":64,"column":27}},"loc":{"start":{"line":64,"column":27},"end":{"line":64,"column":null}},"line":64},"7":{"name":"(anonymous_7)","decl":{"start":{"line":71,"column":21},"end":{"line":71,"column":27}},"loc":{"start":{"line":71,"column":27},"end":{"line":71,"column":null}},"line":71}},"branchMap":{},"s":{"0":1,"1":0,"2":0,"3":0,"4":0,"5":0,"6":0},"f":{"0":4,"1":1,"2":0,"3":0,"4":0,"5":0,"6":0,"7":0},"b":{},"meta":{"lastBranch":0,"lastFunction":8,"lastStatement":7,"seen":{"f:8:16:8:23":0,"f:23:21:23:27":1,"s:23:27:23:Infinity":0,"f:32:23:32:24":2,"s:34:17:34:Infinity":1,"f:43:21:43:27":3,"s:43:27:43:Infinity":2,"f:50:21:50:27":4,"s:50:27:50:Infinity":3,"f:57:21:57:27":5,"s:57:27:57:Infinity":4,"f:64:21:64:27":6,"s:64:27:64:Infinity":5,"f:71:21:71:27":7,"s:71:27:71:Infinity":6}}}
,"/Users/adezzani/bauScape/ecommerce-homepage/src/components/ProductAttributes.tsx": {"path":"/Users/adezzani/bauScape/ecommerce-homepage/src/components/ProductAttributes.tsx","statementMap":{"0":{"start":{"line":13,"column":2},"end":{"line":15,"column":null}},"1":{"start":{"line":14,"column":4},"end":{"line":14,"column":null}},"2":{"start":{"line":17,"column":67},"end":{"line":23,"column":null}},"3":{"start":{"line":25,"column":45},"end":{"line":30,"column":null}},"4":{"start":{"line":35,"column":14},"end":{"line":35,"column":null}},"5":{"start":{"line":36,"column":8},"end":{"line":38,"column":null}},"6":{"start":{"line":37,"column":10},"end":{"line":37,"column":null}},"7":{"start":{"line":40,"column":23},"end":{"line":40,"column":null}},"8":{"start":{"line":42,"column":25},"end":{"line":42,"column":44}}},"fnMap":{"0":{"name":"ProductAttributes","decl":{"start":{"line":12,"column":16},"end":{"line":12,"column":34}},"loc":{"start":{"line":12,"column":83},"end":{"line":81,"column":null}},"line":12},"1":{"name":"(anonymous_1)","decl":{"start":{"line":34,"column":22},"end":{"line":34,"column":23}},"loc":{"start":{"line":34,"column":23},"end":{"line":78,"column":null}},"line":34}},"branchMap":{"0":{"loc":{"start":{"line":13,"column":2},"end":{"line":15,"column":null}},"type":"if","locations":[{"start":{"line":13,"column":2},"end":{"line":15,"column":null}},{"start":{},"end":{}}],"line":13},"1":{"loc":{"start":{"line":13,"column":6},"end":{"line":13,"column":46}},"type":"binary-expr","locations":[{"start":{"line":13,"column":6},"end":{"line":13,"column":21}},{"start":{"line":13,"column":21},"end":{"line":13,"column":46}}],"line":13},"2":{"loc":{"start":{"line":33,"column":44},"end":{"line":33,"column":61}},"type":"binary-expr","locations":[{"start":{"line":33,"column":44},"end":{"line":33,"column":57}},{"start":{"line":33,"column":57},"end":{"line":33,"column":61}}],"line":33},"3":{"loc":{"start":{"line":36,"column":8},"end":{"line":38,"column":null}},"type":"if","locations":[{"start":{"line":36,"column":8},"end":{"line":38,"column":null}},{"start":{},"end":{}}],"line":36},"4":{"loc":{"start":{"line":40,"column":23},"end":{"line":40,"column":null}},"type":"binary-expr","locations":[{"start":{"line":40,"column":23},"end":{"line":40,"column":42}},{"start":{"line":40,"column":46},"end":{"line":40,"column":null}}],"line":40}},"s":{"0":0,"1":0,"2":0,"3":0,"4":0,"5":0,"6":0,"7":0,"8":0},"f":{"0":0,"1":0},"b":{"0":[0,0],"1":[0,0],"2":[0,0],"3":[0,0],"4":[0,0]},"meta":{"lastBranch":5,"lastFunction":2,"lastStatement":9,"seen":{"f:12:16:12:34":0,"b:13:2:15:Infinity:undefined:undefined:undefined:undefined":0,"s:13:2:15:Infinity":0,"b:13:6:13:21:13:21:13:46":1,"s:14:4:14:Infinity":1,"s:17:67:23:Infinity":2,"s:25:45:30:Infinity":3,"b:33:44:33:57:33:57:33:61":2,"f:34:22:34:23":1,"s:35:14:35:Infinity":4,"b:36:8:38:Infinity:undefined:undefined:undefined:undefined":3,"s:36:8:38:Infinity":5,"s:37:10:37:Infinity":6,"s:40:23:40:Infinity":7,"b:40:23:40:42:40:46:40:Infinity":4,"s:42:25:42:44":8}}}
,"/Users/adezzani/bauScape/ecommerce-homepage/src/components/ProductCard.tsx": {"path":"/Users/adezzani/bauScape/ecommerce-homepage/src/components/ProductCard.tsx","statementMap":{"0":{"start":{"line":13,"column":19},"end":{"line":13,"column":null}},"1":{"start":{"line":14,"column":19},"end":{"line":14,"column":null}},"2":{"start":{"line":15,"column":19},"end":{"line":15,"column":null}},"3":{"start":{"line":20,"column":21},"end":{"line":20,"column":null}},"4":{"start":{"line":61,"column":38},"end":{"line":61,"column":null}}},"fnMap":{"0":{"name":"ProductCard","decl":{"start":{"line":12,"column":16},"end":{"line":12,"column":28}},"loc":{"start":{"line":12,"column":66},"end":{"line":74,"column":null}},"line":12},"1":{"name":"(anonymous_1)","decl":{"start":{"line":20,"column":15},"end":{"line":20,"column":21}},"loc":{"start":{"line":20,"column":21},"end":{"line":20,"column":null}},"line":20},"2":{"name":"(anonymous_2)","decl":{"start":{"line":60,"column":14},"end":{"line":60,"column":null}},"loc":{"start":{"line":60,"column":14},"end":{"line":68,"column":null}},"line":60}},"branchMap":{"0":{"loc":{"start":{"line":13,"column":19},"end":{"line":13,"column":null}},"type":"binary-expr","locations":[{"start":{"line":13,"column":19},"end":{"line":13,"column":35}},{"start":{"line":13,"column":35},"end":{"line":13,"column":null}}],"line":13},"1":{"loc":{"start":{"line":14,"column":19},"end":{"line":14,"column":null}},"type":"binary-expr","locations":[{"start":{"line":14,"column":19},"end":{"line":14,"column":35}},{"start":{"line":14,"column":39},"end":{"line":14,"column":null}}],"line":14},"2":{"loc":{"start":{"line":15,"column":19},"end":{"line":15,"column":null}},"type":"binary-expr","locations":[{"start":{"line":15,"column":19},"end":{"line":15,"column":35}},{"start":{"line":15,"column":39},"end":{"line":15,"column":null}}],"line":15},"3":{"loc":{"start":{"line":39,"column":49},"end":{"line":39,"column":82}},"type":"cond-expr","locations":[{"start":{"line":39,"column":60},"end":{"line":39,"column":75}},{"start":{"line":39,"column":78},"end":{"line":39,"column":82}}],"line":39}},"s":{"0":6,"1":6,"2":6,"3":0,"4":6},"f":{"0":6,"1":0,"2":6},"b":{"0":[6,0],"1":[6,0],"2":[6,0],"3":[6,0]},"meta":{"lastBranch":4,"lastFunction":3,"lastStatement":5,"seen":{"f:12:16:12:28":0,"s:13:19:13:Infinity":0,"b:13:19:13:35:13:35:13:Infinity":0,"s:14:19:14:Infinity":1,"b:14:19:14:35:14:39:14:Infinity":1,"s:15:19:15:Infinity":2,"b:15:19:15:35:15:39:15:Infinity":2,"f:20:15:20:21":1,"s:20:21:20:Infinity":3,"b:39:60:39:75:39:78:39:82":3,"f:60:14:60:Infinity":2,"s:61:38:61:Infinity":4}}}
,"/Users/adezzani/bauScape/ecommerce-homepage/src/components/SEOHead.tsx": {"path":"/Users/adezzani/bauScape/ecommerce-homepage/src/components/SEOHead.tsx","statementMap":{"0":{"start":{"line":26,"column":2},"end":{"line":211,"column":null}},"1":{"start":{"line":27,"column":22},"end":{"line":27,"column":null}},"2":{"start":{"line":28,"column":28},"end":{"line":29,"column":null}},"3":{"start":{"line":30,"column":22},"end":{"line":30,"column":null}},"4":{"start":{"line":31,"column":20},"end":{"line":31,"column":null}},"5":{"start":{"line":32,"column":20},"end":{"line":32,"column":null}},"6":{"start":{"line":35,"column":4},"end":{"line":35,"column":null}},"7":{"start":{"line":38,"column":26},"end":{"line":46,"column":null}},"8":{"start":{"line":39,"column":20},"end":{"line":39,"column":null}},"9":{"start":{"line":40,"column":6},"end":{"line":44,"column":null}},"10":{"start":{"line":41,"column":8},"end":{"line":41,"column":null}},"11":{"start":{"line":42,"column":8},"end":{"line":42,"column":null}},"12":{"start":{"line":43,"column":8},"end":{"line":43,"column":null}},"13":{"start":{"line":45,"column":6},"end":{"line":45,"column":null}},"14":{"start":{"line":49,"column":4},"end":{"line":49,"column":null}},"15":{"start":{"line":50,"column":4},"end":{"line":50,"column":null}},"16":{"start":{"line":51,"column":4},"end":{"line":51,"column":null}},"17":{"start":{"line":52,"column":4},"end":{"line":52,"column":null}},"18":{"start":{"line":53,"column":4},"end":{"line":53,"column":null}},"19":{"start":{"line":56,"column":4},"end":{"line":56,"column":null}},"20":{"start":{"line":57,"column":4},"end":{"line":57,"column":null}},"21":{"start":{"line":58,"column":4},"end":{"line":58,"column":null}},"22":{"start":{"line":59,"column":4},"end":{"line":59,"column":null}},"23":{"start":{"line":60,"column":4},"end":{"line":60,"column":null}},"24":{"start":{"line":61,"column":4},"end":{"line":61,"column":null}},"25":{"start":{"line":62,"column":4},"end":{"line":62,"column":null}},"26":{"start":{"line":65,"column":4},"end":{"line":65,"column":null}},"27":{"start":{"line":66,"column":4},"end":{"line":66,"column":null}},"28":{"start":{"line":67,"column":4},"end":{"line":67,"column":null}},"29":{"start":{"line":68,"column":4},"end":{"line":68,"column":null}},"30":{"start":{"line":69,"column":4},"end":{"line":69,"column":null}},"31":{"start":{"line":72,"column":4},"end":{"line":80,"column":null}},"32":{"start":{"line":73,"column":20},"end":{"line":73,"column":null}},"33":{"start":{"line":74,"column":6},"end":{"line":74,"column":null}},"34":{"start":{"line":75,"column":6},"end":{"line":75,"column":null}},"35":{"start":{"line":76,"column":6},"end":{"line":76,"column":null}},"36":{"start":{"line":77,"column":6},"end":{"line":79,"column":null}},"37":{"start":{"line":78,"column":8},"end":{"line":78,"column":null}},"38":{"start":{"line":83,"column":20},"end":{"line":83,"column":null}},"39":{"start":{"line":84,"column":4},"end":{"line":88,"column":null}},"40":{"start":{"line":85,"column":6},"end":{"line":85,"column":null}},"41":{"start":{"line":86,"column":6},"end":{"line":86,"column":null}},"42":{"start":{"line":87,"column":6},"end":{"line":87,"column":null}},"43":{"start":{"line":89,"column":4},"end":{"line":89,"column":null}},"44":{"start":{"line":92,"column":28},"end":{"line":92,"column":null}},"45":{"start":{"line":93,"column":4},"end":{"line":93,"column":null}},"46":{"start":{"line":93,"column":38},"end":{"line":93,"column":null}},"47":{"start":{"line":95,"column":4},"end":{"line":210,"column":null}},"48":{"start":{"line":97,"column":28},"end":{"line":123,"column":null}},"49":{"start":{"line":126,"column":6},"end":{"line":128,"column":null}},"50":{"start":{"line":127,"column":8},"end":{"line":127,"column":null}},"51":{"start":{"line":130,"column":28},"end":{"line":130,"column":null}},"52":{"start":{"line":131,"column":6},"end":{"line":131,"column":null}},"53":{"start":{"line":132,"column":6},"end":{"line":132,"column":null}},"54":{"start":{"line":133,"column":6},"end":{"line":133,"column":null}},"55":{"start":{"line":136,"column":31},"end":{"line":159,"column":null}},"56":{"start":{"line":161,"column":31},"end":{"line":161,"column":null}},"57":{"start":{"line":162,"column":6},"end":{"line":162,"column":null}},"58":{"start":{"line":163,"column":6},"end":{"line":163,"column":null}},"59":{"start":{"line":164,"column":6},"end":{"line":164,"column":null}},"60":{"start":{"line":167,"column":28},"end":{"line":181,"column":null}},"61":{"start":{"line":183,"column":28},"end":{"line":183,"column":null}},"62":{"start":{"line":184,"column":6},"end":{"line":184,"column":null}},"63":{"start":{"line":185,"column":6},"end":{"line":185,"column":null}},"64":{"start":{"line":186,"column":6},"end":{"line":186,"column":null}},"65":{"start":{"line":189,"column":33},"end":{"line":204,"column":null}},"66":{"start":{"line":206,"column":24},"end":{"line":206,"column":null}},"67":{"start":{"line":207,"column":6},"end":{"line":207,"column":null}},"68":{"start":{"line":208,"column":6},"end":{"line":208,"column":null}},"69":{"start":{"line":209,"column":6},"end":{"line":209,"column":null}},"70":{"start":{"line":213,"column":2},"end":{"line":213,"column":15}}},"fnMap":{"0":{"name":"SEOHead","decl":{"start":{"line":18,"column":16},"end":{"line":18,"column":24}},"loc":{"start":{"line":25,"column":15},"end":{"line":214,"column":null}},"line":25},"1":{"name":"(anonymous_1)","decl":{"start":{"line":26,"column":12},"end":{"line":26,"column":null}},"loc":{"start":{"line":26,"column":12},"end":{"line":211,"column":5}},"line":26},"2":{"name":"(anonymous_2)","decl":{"start":{"line":38,"column":26},"end":{"line":38,"column":27}},"loc":{"start":{"line":38,"column":84},"end":{"line":46,"column":null}},"line":38},"3":{"name":"(anonymous_3)","decl":{"start":{"line":93,"column":28},"end":{"line":93,"column":38}},"loc":{"start":{"line":93,"column":38},"end":{"line":93,"column":null}},"line":93}},"branchMap":{"0":{"loc":{"start":{"line":24,"column":2},"end":{"line":24,"column":18}},"type":"default-arg","locations":[{"start":{"line":24,"column":9},"end":{"line":24,"column":18}}],"line":24},"1":{"loc":{"start":{"line":27,"column":22},"end":{"line":27,"column":null}},"type":"binary-expr","locations":[{"start":{"line":27,"column":22},"end":{"line":27,"column":31}},{"start":{"line":27,"column":31},"end":{"line":27,"column":null}}],"line":27},"2":{"loc":{"start":{"line":28,"column":28},"end":{"line":29,"column":null}},"type":"binary-expr","locations":[{"start":{"line":28,"column":28},"end":{"line":28,"column":null}},{"start":{"line":29,"column":6},"end":{"line":29,"column":null}}],"line":28},"3":{"loc":{"start":{"line":30,"column":22},"end":{"line":30,"column":null}},"type":"binary-expr","locations":[{"start":{"line":30,"column":22},"end":{"line":30,"column":31}},{"start":{"line":30,"column":31},"end":{"line":30,"column":52}},{"start":{"line":30,"column":52},"end":{"line":30,"column":null}}],"line":30},"4":{"loc":{"start":{"line":31,"column":20},"end":{"line":31,"column":null}},"type":"binary-expr","locations":[{"start":{"line":31,"column":20},"end":{"line":31,"column":28}},{"start":{"line":31,"column":28},"end":{"line":31,"column":103}}],"line":31},"5":{"loc":{"start":{"line":31,"column":28},"end":{"line":31,"column":103}},"type":"cond-expr","locations":[{"start":{"line":31,"column":60},"end":{"line":31,"column":80}},{"start":{"line":31,"column":83},"end":{"line":31,"column":103}}],"line":31},"6":{"loc":{"start":{"line":38,"column":58},"end":{"line":38,"column":84}},"type":"default-arg","locations":[{"start":{"line":38,"column":78},"end":{"line":38,"column":84}}],"line":38},"7":{"loc":{"start":{"line":40,"column":6},"end":{"line":44,"column":null}},"type":"if","locations":[{"start":{"line":40,"column":6},"end":{"line":44,"column":null}},{"start":{},"end":{}}],"line":40},"8":{"loc":{"start":{"line":60,"column":29},"end":{"line":60,"column":73}},"type":"cond-expr","locations":[{"start":{"line":60,"column":50},"end":{"line":60,"column":62}},{"start":{"line":60,"column":62},"end":{"line":60,"column":73}}],"line":60},"9":{"loc":{"start":{"line":72,"column":4},"end":{"line":80,"column":null}},"type":"if","locations":[{"start":{"line":72,"column":4},"end":{"line":80,"column":null}},{"start":{},"end":{}}],"line":72},"10":{"loc":{"start":{"line":72,"column":8},"end":{"line":72,"column":39}},"type":"binary-expr","locations":[{"start":{"line":72,"column":8},"end":{"line":72,"column":19}},{"start":{"line":72,"column":19},"end":{"line":72,"column":39}}],"line":72},"11":{"loc":{"start":{"line":73,"column":20},"end":{"line":73,"column":null}},"type":"binary-expr","locations":[{"start":{"line":73,"column":20},"end":{"line":73,"column":33}},{"start":{"line":73,"column":37},"end":{"line":73,"column":null}}],"line":73},"12":{"loc":{"start":{"line":77,"column":6},"end":{"line":79,"column":null}},"type":"if","locations":[{"start":{"line":77,"column":6},"end":{"line":79,"column":null}},{"start":{},"end":{}}],"line":77},"13":{"loc":{"start":{"line":84,"column":4},"end":{"line":88,"column":null}},"type":"if","locations":[{"start":{"line":84,"column":4},"end":{"line":88,"column":null}},{"start":{},"end":{}}],"line":84},"14":{"loc":{"start":{"line":95,"column":4},"end":{"line":210,"column":null}},"type":"if","locations":[{"start":{"line":95,"column":4},"end":{"line":210,"column":null}},{"start":{"line":165,"column":11},"end":{"line":210,"column":null}}],"line":95},"15":{"loc":{"start":{"line":95,"column":8},"end":{"line":95,"column":39}},"type":"binary-expr","locations":[{"start":{"line":95,"column":8},"end":{"line":95,"column":19}},{"start":{"line":95,"column":19},"end":{"line":95,"column":39}}],"line":95},"16":{"loc":{"start":{"line":101,"column":21},"end":{"line":101,"column":null}},"type":"binary-expr","locations":[{"start":{"line":101,"column":21},"end":{"line":101,"column":40}},{"start":{"line":101,"column":44},"end":{"line":101,"column":null}}],"line":101},"17":{"loc":{"start":{"line":102,"column":15},"end":{"line":102,"column":null}},"type":"binary-expr","locations":[{"start":{"line":102,"column":15},"end":{"line":102,"column":31}},{"start":{"line":102,"column":35},"end":{"line":102,"column":null}}],"line":102},"18":{"loc":{"start":{"line":109,"column":17},"end":{"line":109,"column":null}},"type":"binary-expr","locations":[{"start":{"line":109,"column":17},"end":{"line":109,"column":30}},{"start":{"line":109,"column":34},"end":{"line":109,"column":null}}],"line":109},"19":{"loc":{"start":{"line":115,"column":25},"end":{"line":121,"column":null}},"type":"cond-expr","locations":[{"start":{"line":115,"column":65},"end":{"line":121,"column":12}},{"start":{"line":121,"column":12},"end":{"line":121,"column":null}}],"line":115},"20":{"loc":{"start":{"line":115,"column":25},"end":{"line":115,"column":62}},"type":"binary-expr","locations":[{"start":{"line":115,"column":25},"end":{"line":115,"column":39}},{"start":{"line":115,"column":43},"end":{"line":115,"column":62}}],"line":115},"21":{"loc":{"start":{"line":122,"column":18},"end":{"line":122,"column":null}},"type":"binary-expr","locations":[{"start":{"line":122,"column":18},"end":{"line":122,"column":34}},{"start":{"line":122,"column":38},"end":{"line":122,"column":null}}],"line":122},"22":{"loc":{"start":{"line":126,"column":6},"end":{"line":128,"column":null}},"type":"if","locations":[{"start":{"line":126,"column":6},"end":{"line":128,"column":null}},{"start":{},"end":{}}],"line":126},"23":{"loc":{"start":{"line":149,"column":18},"end":{"line":149,"column":null}},"type":"binary-expr","locations":[{"start":{"line":149,"column":18},"end":{"line":149,"column":34}},{"start":{"line":149,"column":38},"end":{"line":149,"column":null}}],"line":149},"24":{"loc":{"start":{"line":150,"column":32},"end":{"line":150,"column":null}},"type":"cond-expr","locations":[{"start":{"line":150,"column":64},"end":{"line":150,"column":79}},{"start":{"line":150,"column":79},"end":{"line":150,"column":null}}],"line":150},"25":{"loc":{"start":{"line":150,"column":79},"end":{"line":150,"column":null}},"type":"cond-expr","locations":[{"start":{"line":150,"column":105},"end":{"line":150,"column":116}},{"start":{"line":150,"column":116},"end":{"line":150,"column":null}}],"line":150}},"s":{"0":42,"1":17,"2":17,"3":17,"4":17,"5":17,"6":17,"7":17,"8":340,"9":340,"10":20,"11":20,"12":20,"13":340,"14":17,"15":17,"16":17,"17":17,"18":17,"19":17,"20":17,"21":17,"22":17,"23":17,"24":17,"25":17,"26":17,"27":17,"28":17,"29":17,"30":17,"31":17,"32":17,"33":17,"34":17,"35":17,"36":17,"37":0,"38":17,"39":17,"40":1,"41":1,"42":1,"43":17,"44":17,"45":17,"46":32,"47":17,"48":17,"49":17,"50":17,"51":17,"52":17,"53":17,"54":17,"55":17,"56":17,"57":17,"58":17,"59":17,"60":0,"61":0,"62":0,"63":0,"64":0,"65":0,"66":0,"67":0,"68":0,"69":0,"70":42},"f":{"0":42,"1":17,"2":340,"3":32},"b":{"0":[42],"1":[17,10],"2":[17,0],"3":[17,17,17],"4":[17,0],"5":[0,0],"6":[340],"7":[20,320],"8":[17,0],"9":[17,0],"10":[17,17],"11":[17,17],"12":[0,17],"13":[1,16],"14":[17,0],"15":[17,17],"16":[17,0],"17":[17,17],"18":[17,17],"19":[0,17],"20":[17,0],"21":[17,17],"22":[17,0],"23":[17,17],"24":[7,10],"25":[10,0]},"meta":{"lastBranch":26,"lastFunction":4,"lastStatement":71,"seen":{"f:18:16:18:24":0,"b:24:9:24:18":0,"s:26:2:211:Infinity":0,"f:26:12:26:Infinity":1,"s:27:22:27:Infinity":1,"b:27:22:27:31:27:31:27:Infinity":1,"s:28:28:29:Infinity":2,"b:28:28:28:Infinity:29:6:29:Infinity":2,"s:30:22:30:Infinity":3,"b:30:22:30:31:30:31:30:52:30:52:30:Infinity":3,"s:31:20:31:Infinity":4,"b:31:20:31:28:31:28:31:103":4,"b:31:60:31:80:31:83:31:103":5,"s:32:20:32:Infinity":5,"s:35:4:35:Infinity":6,"s:38:26:46:Infinity":7,"f:38:26:38:27":2,"b:38:78:38:84":6,"s:39:20:39:Infinity":8,"b:40:6:44:Infinity:undefined:undefined:undefined:undefined":7,"s:40:6:44:Infinity":9,"s:41:8:41:Infinity":10,"s:42:8:42:Infinity":11,"s:43:8:43:Infinity":12,"s:45:6:45:Infinity":13,"s:49:4:49:Infinity":14,"s:50:4:50:Infinity":15,"s:51:4:51:Infinity":16,"s:52:4:52:Infinity":17,"s:53:4:53:Infinity":18,"s:56:4:56:Infinity":19,"s:57:4:57:Infinity":20,"s:58:4:58:Infinity":21,"s:59:4:59:Infinity":22,"s:60:4:60:Infinity":23,"b:60:50:60:62:60:62:60:73":8,"s:61:4:61:Infinity":24,"s:62:4:62:Infinity":25,"s:65:4:65:Infinity":26,"s:66:4:66:Infinity":27,"s:67:4:67:Infinity":28,"s:68:4:68:Infinity":29,"s:69:4:69:Infinity":30,"b:72:4:80:Infinity:undefined:undefined:undefined:undefined":9,"s:72:4:80:Infinity":31,"b:72:8:72:19:72:19:72:39":10,"s:73:20:73:Infinity":32,"b:73:20:73:33:73:37:73:Infinity":11,"s:74:6:74:Infinity":33,"s:75:6:75:Infinity":34,"s:76:6:76:Infinity":35,"b:77:6:79:Infinity:undefined:undefined:undefined:undefined":12,"s:77:6:79:Infinity":36,"s:78:8:78:Infinity":37,"s:83:20:83:Infinity":38,"b:84:4:88:Infinity:undefined:undefined:undefined:undefined":13,"s:84:4:88:Infinity":39,"s:85:6:85:Infinity":40,"s:86:6:86:Infinity":41,"s:87:6:87:Infinity":42,"s:89:4:89:Infinity":43,"s:92:28:92:Infinity":44,"s:93:4:93:Infinity":45,"f:93:28:93:38":3,"s:93:38:93:Infinity":46,"b:95:4:210:Infinity:165:11:210:Infinity":14,"s:95:4:210:Infinity":47,"b:95:8:95:19:95:19:95:39":15,"s:97:28:123:Infinity":48,"b:101:21:101:40:101:44:101:Infinity":16,"b:102:15:102:31:102:35:102:Infinity":17,"b:109:17:109:30:109:34:109:Infinity":18,"b:115:65:121:12:121:12:121:Infinity":19,"b:115:25:115:39:115:43:115:62":20,"b:122:18:122:34:122:38:122:Infinity":21,"b:126:6:128:Infinity:undefined:undefined:undefined:undefined":22,"s:126:6:128:Infinity":49,"s:127:8:127:Infinity":50,"s:130:28:130:Infinity":51,"s:131:6:131:Infinity":52,"s:132:6:132:Infinity":53,"s:133:6:133:Infinity":54,"s:136:31:159:Infinity":55,"b:149:18:149:34:149:38:149:Infinity":23,"b:150:64:150:79:150:79:150:Infinity":24,"b:150:105:150:116:150:116:150:Infinity":25,"s:161:31:161:Infinity":56,"s:162:6:162:Infinity":57,"s:163:6:163:Infinity":58,"s:164:6:164:Infinity":59,"s:167:28:181:Infinity":60,"s:183:28:183:Infinity":61,"s:184:6:184:Infinity":62,"s:185:6:185:Infinity":63,"s:186:6:186:Infinity":64,"s:189:33:204:Infinity":65,"s:206:24:206:Infinity":66,"s:207:6:207:Infinity":67,"s:208:6:208:Infinity":68,"s:209:6:209:Infinity":69,"s:213:2:213:15":70}}}
,"/Users/adezzani/bauScape/ecommerce-homepage/src/components/figma/ImageWithFallback.tsx": {"path":"/Users/adezzani/bauScape/ecommerce-homepage/src/components/figma/ImageWithFallback.tsx","statementMap":{"0":{"start":{"line":4,"column":2},"end":{"line":4,"column":null}},"1":{"start":{"line":7,"column":31},"end":{"line":7,"column":null}},"2":{"start":{"line":8,"column":31},"end":{"line":8,"column":null}},"3":{"start":{"line":10,"column":22},"end":{"line":12,"column":null}},"4":{"start":{"line":11,"column":4},"end":{"line":11,"column":null}},"5":{"start":{"line":14,"column":21},"end":{"line":16,"column":null}},"6":{"start":{"line":15,"column":4},"end":{"line":15,"column":null}},"7":{"start":{"line":18,"column":68},"end":{"line":18,"column":null}},"8":{"start":{"line":21,"column":18},"end":{"line":21,"column":null}}},"fnMap":{"0":{"name":"ImageWithFallback","decl":{"start":{"line":6,"column":16},"end":{"line":6,"column":34}},"loc":{"start":{"line":6,"column":82},"end":{"line":54,"column":null}},"line":6},"1":{"name":"(anonymous_1)","decl":{"start":{"line":10,"column":22},"end":{"line":10,"column":null}},"loc":{"start":{"line":10,"column":22},"end":{"line":12,"column":null}},"line":10},"2":{"name":"(anonymous_2)","decl":{"start":{"line":14,"column":21},"end":{"line":14,"column":null}},"loc":{"start":{"line":14,"column":21},"end":{"line":16,"column":null}},"line":14}},"branchMap":{"0":{"loc":{"start":{"line":18,"column":38},"end":{"line":18,"column":54}},"type":"default-arg","locations":[{"start":{"line":18,"column":48},"end":{"line":18,"column":54}}],"line":18},"1":{"loc":{"start":{"line":21,"column":18},"end":{"line":21,"column":null}},"type":"binary-expr","locations":[{"start":{"line":21,"column":18},"end":{"line":21,"column":25}},{"start":{"line":21,"column":25},"end":{"line":21,"column":null}}],"line":21},"2":{"loc":{"start":{"line":25,"column":70},"end":{"line":25,"column":87}},"type":"binary-expr","locations":[{"start":{"line":25,"column":70},"end":{"line":25,"column":83}},{"start":{"line":25,"column":83},"end":{"line":25,"column":87}}],"line":25}},"s":{"0":2,"1":48,"2":48,"3":48,"4":0,"5":48,"6":0,"7":48,"8":48},"f":{"0":48,"1":0,"2":0},"b":{"0":[48],"1":[48,23],"2":[0,0]},"meta":{"lastBranch":3,"lastFunction":3,"lastStatement":9,"seen":{"s:4:2:4:Infinity":0,"f:6:16:6:34":0,"s:7:31:7:Infinity":1,"s:8:31:8:Infinity":2,"s:10:22:12:Infinity":3,"f:10:22:10:Infinity":1,"s:11:4:11:Infinity":4,"s:14:21:16:Infinity":5,"f:14:21:14:Infinity":2,"s:15:4:15:Infinity":6,"s:18:68:18:Infinity":7,"b:18:48:18:54":0,"s:21:18:21:Infinity":8,"b:21:18:21:25:21:25:21:Infinity":1,"b:25:70:25:83:25:83:25:87":2}}}
,"/Users/adezzani/bauScape/ecommerce-homepage/src/components/ui/alert.tsx": {"path":"/Users/adezzani/bauScape/ecommerce-homepage/src/components/ui/alert.tsx","statementMap":{"0":{"start":{"line":6,"column":6},"end":{"line":19,"column":null}}},"fnMap":{"0":{"name":"Alert","decl":{"start":{"line":22,"column":9},"end":{"line":22,"column":15}},"loc":{"start":{"line":26,"column":67},"end":{"line":35,"column":null}},"line":26},"1":{"name":"AlertTitle","decl":{"start":{"line":37,"column":9},"end":{"line":37,"column":20}},"loc":{"start":{"line":37,"column":72},"end":{"line":48,"column":null}},"line":37},"2":{"name":"AlertDescription","decl":{"start":{"line":50,"column":9},"end":{"line":50,"column":26}},"loc":{"start":{"line":53,"column":30},"end":{"line":64,"column":null}},"line":53}},"branchMap":{},"s":{"0":1},"f":{"0":0,"1":0,"2":0},"b":{},"meta":{"lastBranch":0,"lastFunction":3,"lastStatement":1,"seen":{"s:6:6:19:Infinity":0,"f:22:9:22:15":0,"f:37:9:37:20":1,"f:50:9:50:26":2}}}
,"/Users/adezzani/bauScape/ecommerce-homepage/src/components/ui/utils.ts": {"path":"/Users/adezzani/bauScape/ecommerce-homepage/src/components/ui/utils.ts","statementMap":{"0":{"start":{"line":5,"column":2},"end":{"line":5,"column":null}}},"fnMap":{"0":{"name":"cn","decl":{"start":{"line":4,"column":16},"end":{"line":4,"column":19}},"loc":{"start":{"line":4,"column":42},"end":{"line":6,"column":null}},"line":4}},"branchMap":{},"s":{"0":0},"f":{"0":0},"b":{},"meta":{"lastBranch":0,"lastFunction":1,"lastStatement":1,"seen":{"f:4:16:4:19":0,"s:5:2:5:Infinity":0}}}
,"/Users/adezzani/bauScape/ecommerce-homepage/src/constants/productAttributes.ts": {"path":"/Users/adezzani/bauScape/ecommerce-homepage/src/constants/productAttributes.ts","statementMap":{"0":{"start":{"line":17,"column":81},"end":{"line":43,"column":null}},"1":{"start":{"line":49,"column":2},"end":{"line":49,"column":null}},"2":{"start":{"line":56,"column":2},"end":{"line":56,"column":null}},"3":{"start":{"line":63,"column":2},"end":{"line":63,"column":null}}},"fnMap":{"0":{"name":"getAvailableAttributeKeys","decl":{"start":{"line":48,"column":16},"end":{"line":48,"column":null}},"loc":{"start":{"line":48,"column":16},"end":{"line":50,"column":null}},"line":48},"1":{"name":"getAttributeInfo","decl":{"start":{"line":55,"column":16},"end":{"line":55,"column":33}},"loc":{"start":{"line":55,"column":44},"end":{"line":57,"column":null}},"line":55},"2":{"name":"isValidAttributeKey","decl":{"start":{"line":62,"column":16},"end":{"line":62,"column":36}},"loc":{"start":{"line":62,"column":47},"end":{"line":64,"column":null}},"line":62}},"branchMap":{},"s":{"0":1,"1":0,"2":0,"3":0},"f":{"0":0,"1":0,"2":0},"b":{},"meta":{"lastBranch":0,"lastFunction":3,"lastStatement":4,"seen":{"s:17:81:43:Infinity":0,"f:48:16:48:Infinity":0,"s:49:2:49:Infinity":1,"f:55:16:55:33":1,"s:56:2:56:Infinity":2,"f:62:16:62:36":2,"s:63:2:63:Infinity":3}}}
,"/Users/adezzani/bauScape/ecommerce-homepage/src/hooks/useProduct.ts": {"path":"/Users/adezzani/bauScape/ecommerce-homepage/src/hooks/useProduct.ts","statementMap":{"0":{"start":{"line":9,"column":29},"end":{"line":9,"column":null}},"1":{"start":{"line":10,"column":29},"end":{"line":10,"column":null}},"2":{"start":{"line":11,"column":25},"end":{"line":11,"column":null}},"3":{"start":{"line":13,"column":2},"end":{"line":203,"column":null}},"4":{"start":{"line":15,"column":22},"end":{"line":15,"column":null}},"5":{"start":{"line":16,"column":4},"end":{"line":22,"column":null}},"6":{"start":{"line":17,"column":6},"end":{"line":17,"column":null}},"7":{"start":{"line":18,"column":6},"end":{"line":20,"column":null}},"8":{"start":{"line":19,"column":8},"end":{"line":19,"column":null}},"9":{"start":{"line":21,"column":6},"end":{"line":21,"column":null}},"10":{"start":{"line":24,"column":20},"end":{"line":24,"column":null}},"11":{"start":{"line":27,"column":6},"end":{"line":27,"column":null}},"12":{"start":{"line":28,"column":6},"end":{"line":28,"column":null}},"13":{"start":{"line":30,"column":6},"end":{"line":195,"column":null}},"14":{"start":{"line":31,"column":14},"end":{"line":31,"column":null}},"15":{"start":{"line":34,"column":8},"end":{"line":42,"column":null}},"16":{"start":{"line":35,"column":10},"end":{"line":35,"column":null}},"17":{"start":{"line":36,"column":15},"end":{"line":42,"column":null}},"18":{"start":{"line":37,"column":10},"end":{"line":37,"column":null}},"19":{"start":{"line":38,"column":15},"end":{"line":42,"column":null}},"20":{"start":{"line":39,"column":10},"end":{"line":39,"column":null}},"21":{"start":{"line":41,"column":10},"end":{"line":41,"column":null}},"22":{"start":{"line":45,"column":47},"end":{"line":49,"column":null}},"23":{"start":{"line":51,"column":8},"end":{"line":53,"column":null}},"24":{"start":{"line":52,"column":10},"end":{"line":52,"column":null}},"25":{"start":{"line":55,"column":8},"end":{"line":55,"column":null}},"26":{"start":{"line":55,"column":24},"end":{"line":55,"column":null}},"27":{"start":{"line":57,"column":8},"end":{"line":170,"column":null}},"28":{"start":{"line":59,"column":10},"end":{"line":62,"column":null}},"29":{"start":{"line":60,"column":12},"end":{"line":60,"column":null}},"30":{"start":{"line":61,"column":12},"end":{"line":61,"column":null}},"31":{"start":{"line":64,"column":16},"end":{"line":64,"column":null}},"32":{"start":{"line":67,"column":10},"end":{"line":103,"column":null}},"33":{"start":{"line":68,"column":56},"end":{"line":82,"column":null}},"34":{"start":{"line":84,"column":12},"end":{"line":99,"column":null}},"35":{"start":{"line":85,"column":34},"end":{"line":96,"column":null}},"36":{"start":{"line":85,"column":51},"end":{"line":96,"column":null}},"37":{"start":{"line":90,"column":34},"end":{"line":90,"column":63}},"38":{"start":{"line":91,"column":32},"end":{"line":95,"column":null}},"39":{"start":{"line":98,"column":14},"end":{"line":98,"column":null}},"40":{"start":{"line":101,"column":12},"end":{"line":101,"column":null}},"41":{"start":{"line":106,"column":10},"end":{"line":165,"column":null}},"42":{"start":{"line":107,"column":59},"end":{"line":120,"column":null}},"43":{"start":{"line":123,"column":12},"end":{"line":152,"column":null}},"44":{"start":{"line":126,"column":16},"end":{"line":129,"column":null}},"45":{"start":{"line":131,"column":14},"end":{"line":137,"column":null}},"46":{"start":{"line":133,"column":16},"end":{"line":133,"column":null}},"47":{"start":{"line":136,"column":16},"end":{"line":136,"column":null}},"48":{"start":{"line":138,"column":19},"end":{"line":152,"column":null}},"49":{"start":{"line":139,"column":27},"end":{"line":147,"column":null}},"50":{"start":{"line":140,"column":37},"end":{"line":140,"column":43}},"51":{"start":{"line":141,"column":35},"end":{"line":146,"column":null}},"52":{"start":{"line":147,"column":32},"end":{"line":147,"column":61}},"53":{"start":{"line":149,"column":14},"end":{"line":151,"column":null}},"54":{"start":{"line":150,"column":16},"end":{"line":150,"column":null}},"55":{"start":{"line":156,"column":14},"end":{"line":159,"column":null}},"56":{"start":{"line":161,"column":12},"end":{"line":163,"column":null}},"57":{"start":{"line":162,"column":14},"end":{"line":162,"column":null}},"58":{"start":{"line":167,"column":10},"end":{"line":167,"column":null}},"59":{"start":{"line":169,"column":10},"end":{"line":169,"column":null}},"60":{"start":{"line":173,"column":10},"end":{"line":177,"column":null}},"61":{"start":{"line":178,"column":8},"end":{"line":178,"column":null}},"62":{"start":{"line":179,"column":8},"end":{"line":190,"column":null}},"63":{"start":{"line":181,"column":28},"end":{"line":181,"column":null}},"64":{"start":{"line":182,"column":10},"end":{"line":188,"column":null}},"65":{"start":{"line":183,"column":12},"end":{"line":183,"column":null}},"66":{"start":{"line":184,"column":17},"end":{"line":188,"column":null}},"67":{"start":{"line":185,"column":12},"end":{"line":185,"column":null}},"68":{"start":{"line":186,"column":17},"end":{"line":188,"column":null}},"69":{"start":{"line":187,"column":12},"end":{"line":187,"column":null}},"70":{"start":{"line":189,"column":10},"end":{"line":189,"column":null}},"71":{"start":{"line":192,"column":8},"end":{"line":194,"column":null}},"72":{"start":{"line":193,"column":10},"end":{"line":193,"column":null}},"73":{"start":{"line":198,"column":4},"end":{"line":198,"column":null}},"74":{"start":{"line":200,"column":4},"end":{"line":202,"column":null}},"75":{"start":{"line":201,"column":6},"end":{"line":201,"column":null}},"76":{"start":{"line":205,"column":2},"end":{"line":209,"column":null}}},"fnMap":{"0":{"name":"useProduct","decl":{"start":{"line":8,"column":16},"end":{"line":8,"column":27}},"loc":{"start":{"line":8,"column":56},"end":{"line":210,"column":null}},"line":8},"1":{"name":"(anonymous_1)","decl":{"start":{"line":13,"column":12},"end":{"line":13,"column":null}},"loc":{"start":{"line":13,"column":12},"end":{"line":203,"column":5}},"line":13},"2":{"name":"fetchProduct","decl":{"start":{"line":26,"column":19},"end":{"line":26,"column":null}},"loc":{"start":{"line":26,"column":19},"end":{"line":196,"column":null}},"line":26},"3":{"name":"(anonymous_3)","decl":{"start":{"line":85,"column":43},"end":{"line":85,"column":51}},"loc":{"start":{"line":85,"column":51},"end":{"line":96,"column":null}},"line":85},"4":{"name":"(anonymous_4)","decl":{"start":{"line":90,"column":24},"end":{"line":90,"column":25}},"loc":{"start":{"line":90,"column":34},"end":{"line":90,"column":63}},"line":90},"5":{"name":"(anonymous_5)","decl":{"start":{"line":91,"column":23},"end":{"line":91,"column":32}},"loc":{"start":{"line":91,"column":32},"end":{"line":95,"column":null}},"line":91},"6":{"name":"(anonymous_6)","decl":{"start":{"line":140,"column":24},"end":{"line":140,"column":25}},"loc":{"start":{"line":140,"column":37},"end":{"line":140,"column":43}},"line":140},"7":{"name":"(anonymous_7)","decl":{"start":{"line":141,"column":21},"end":{"line":141,"column":22}},"loc":{"start":{"line":141,"column":35},"end":{"line":146,"column":null}},"line":141},"8":{"name":"(anonymous_8)","decl":{"start":{"line":147,"column":22},"end":{"line":147,"column":23}},"loc":{"start":{"line":147,"column":32},"end":{"line":147,"column":61}},"line":147},"9":{"name":"(anonymous_9)","decl":{"start":{"line":200,"column":11},"end":{"line":200,"column":null}},"loc":{"start":{"line":200,"column":11},"end":{"line":202,"column":null}},"line":200}},"branchMap":{"0":{"loc":{"start":{"line":16,"column":4},"end":{"line":22,"column":null}},"type":"if","locations":[{"start":{"line":16,"column":4},"end":{"line":22,"column":null}},{"start":{},"end":{}}],"line":16},"1":{"loc":{"start":{"line":16,"column":8},"end":{"line":16,"column":29}},"type":"binary-expr","locations":[{"start":{"line":16,"column":8},"end":{"line":16,"column":22}},{"start":{"line":16,"column":22},"end":{"line":16,"column":29}}],"line":16},"2":{"loc":{"start":{"line":18,"column":6},"end":{"line":20,"column":null}},"type":"if","locations":[{"start":{"line":18,"column":6},"end":{"line":20,"column":null}},{"start":{},"end":{}}],"line":18},"3":{"loc":{"start":{"line":34,"column":8},"end":{"line":42,"column":null}},"type":"if","locations":[{"start":{"line":34,"column":8},"end":{"line":42,"column":null}},{"start":{"line":36,"column":15},"end":{"line":42,"column":null}}],"line":34},"4":{"loc":{"start":{"line":36,"column":15},"end":{"line":42,"column":null}},"type":"if","locations":[{"start":{"line":36,"column":15},"end":{"line":42,"column":null}},{"start":{"line":38,"column":15},"end":{"line":42,"column":null}}],"line":36},"5":{"loc":{"start":{"line":38,"column":15},"end":{"line":42,"column":null}},"type":"if","locations":[{"start":{"line":38,"column":15},"end":{"line":42,"column":null}},{"start":{"line":40,"column":15},"end":{"line":42,"column":null}}],"line":38},"6":{"loc":{"start":{"line":51,"column":8},"end":{"line":53,"column":null}},"type":"if"
[...]
column":null}},"13":{"start":{"line":42,"column":22},"end":{"line":42,"column":45}},"14":{"start":{"line":43,"column":26},"end":{"line":43,"column":50}},"15":{"start":{"line":45,"column":2},"end":{"line":49,"column":null}},"16":{"start":{"line":46,"column":4},"end":{"line":47,"column":null}},"17":{"start":{"line":51,"column":2},"end":{"line":54,"column":null}}},"fnMap":{"0":{"name":"ensureHttpsUrl","decl":{"start":{"line":17,"column":9},"end":{"line":17,"column":24}},"loc":{"start":{"line":17,"column":55},"end":{"line":30,"column":null}},"line":17},"1":{"name":"getStripeCheckoutUrl","decl":{"start":{"line":32,"column":16},"end":{"line":32,"column":37}},"loc":{"start":{"line":32,"column":63},"end":{"line":39,"column":null}},"line":32},"2":{"name":"getSupabaseConfig","decl":{"start":{"line":41,"column":16},"end":{"line":41,"column":34}},"loc":{"start":{"line":41,"column":60},"end":{"line":55,"column":null}},"line":41}},"branchMap":{"0":{"loc":{"start":{"line":10,"column":2},"end":{"line":15,"column":null}},"type":"cond-expr","locations":[{"start":{"line":11,"column":7},"end":{"line":14,"column":null}},{"start":{"line":15,"column":6},"end":{"line":15,"column":null}}],"line":10},"1":{"loc":{"start":{"line":11,"column":7},"end":{"line":14,"column":null}},"type":"binary-expr","locations":[{"start":{"line":11,"column":7},"end":{"line":13,"column":12}},{"start":{"line":14,"column":8},"end":{"line":14,"column":null}}],"line":11},"2":{"loc":{"start":{"line":25,"column":2},"end":{"line":27,"column":null}},"type":"if","locations":[{"start":{"line":25,"column":2},"end":{"line":27,"column":null}},{"start":{},"end":{}}],"line":25},"3":{"loc":{"start":{"line":32,"column":37},"end":{"line":32,"column":63}},"type":"default-arg","locations":[{"start":{"line":32,"column":53},"end":{"line":32,"column":63}}],"line":32},"4":{"loc":{"start":{"line":34,"column":4},"end":{"line":36,"column":null}},"type":"binary-expr","locations":[{"start":{"line":34,"column":5},"end":{"line":36,"column":16}},{"start":{"line":36,"column":22},"end":{"line":36,"column":null}}],"line":34},"5":{"loc":{"start":{"line":34,"column":5},"end":{"line":36,"column":16}},"type":"cond-expr","locations":[{"start":{"line":35,"column":8},"end":{"line":35,"column":27}},{"start":{"line":36,"column":8},"end":{"line":36,"column":16}}],"line":34},"6":{"loc":{"start":{"line":34,"column":5},"end":{"line":34,"column":null}},"type":"binary-expr","locations":[{"start":{"line":34,"column":5},"end":{"line":34,"column":12}},{"start":{"line":34,"column":12},"end":{"line":34,"column":null}}],"line":34},"7":{"loc":{"start":{"line":41,"column":34},"end":{"line":41,"column":60}},"type":"default-arg","locations":[{"start":{"line":41,"column":50},"end":{"line":41,"column":60}}],"line":41},"8":{"loc":{"start":{"line":45,"column":2},"end":{"line":49,"column":null}},"type":"if","locations":[{"start":{"line":45,"column":2},"end":{"line":49,"column":null}},{"start":{},"end":{}}],"line":45},"9":{"loc":{"start":{"line":45,"column":6},"end":{"line":45,"column":40}},"type":"binary-expr","locations":[{"start":{"line":45,"column":6},"end":{"line":45,"column":22}},{"start":{"line":45,"column":22},"end":{"line":45,"column":40}}],"line":45}},"s":{"0":2,"1":2,"2":2,"3":2,"4":2,"5":5,"6":5,"7":1,"8":4,"9":1,"10":3,"11":4,"12":4,"13":3,"14":3,"15":3,"16":2,"17":1},"f":{"0":5,"1":4,"2":3},"b":{"0":[2,0],"1":[2,0],"2":[1,3],"3":[4],"4":[4,1],"5":[3,1],"6":[4,4],"7":[3],"8":[2,1],"9":[3,2]},"meta":{"lastBranch":10,"lastFunction":3,"lastStatement":18,"seen":{"s:1:23:1:Infinity":0,"s:3:2:3:Infinity":1,"s:4:25:4:Infinity":2,"s:5:26:5:Infinity":3,"s:10:2:15:Infinity":4,"b:11:7:14:Infinity:15:6:15:Infinity":0,"b:11:7:13:12:14:8:14:Infinity":1,"f:17:9:17:24":0,"s:19:2:23:Infinity":5,"s:20:4:20:Infinity":6,"s:22:4:22:Infinity":7,"b:25:2:27:Infinity:undefined:undefined:undefined:undefined":2,"s:25:2:27:Infinity":8,"s:26:4:26:Infinity":9,"s:29:2:29:Infinity":10,"f:32:16:32:37":1,"b:32:53:32:63":3,"s:34:4:36:Infinity":11,"b:34:5:36:16:36:22:36:Infinity":4,"b:35:8:35:27:36:8:36:16":5,"b:34:5:34:12:34:12:34:Infinity":6,"s:38:2:38:Infinity":12,"f:41:16:41:34":2,"b:41:50:41:60":7,"s:42:22:42:45":13,"s:43:26:43:50":14,"b:45:2:49:Infinity:undefined:undefined:undefined:undefined":8,"s:45:2:49:Infinity":15,"b:45:6:45:22:45:22:45:40":9,"s:46:4:47:Infinity":16,"s:51:2:54:Infinity":17}}}
,"/Users/adezzani/bauScape/ecommerce-homepage/src/utils/logger.ts": {"path":"/Users/adezzani/bauScape/ecommerce-homepage/src/utils/logger.ts","statementMap":{"0":{"start":{"line":6,"column":22},"end":{"line":6,"column":41}},"1":{"start":{"line":7,"column":21},"end":{"line":7,"column":41}},"2":{"start":{"line":18,"column":4},"end":{"line":18,"column":null}},"3":{"start":{"line":22,"column":4},"end":{"line":24,"column":null}},"4":{"start":{"line":23,"column":6},"end":{"line":23,"column":null}},"5":{"start":{"line":26,"column":34},"end":{"line":26,"column":null}},"6":{"start":{"line":27,"column":26},"end":{"line":27,"column":null}},"7":{"start":{"line":29,"column":4},"end":{"line":38,"column":null}},"8":{"start":{"line":30,"column":23},"end":{"line":30,"column":null}},"9":{"start":{"line":31,"column":26},"end":{"line":31,"column":null}},"10":{"start":{"line":31,"column":51},"end":{"line":31,"column":null}},"11":{"start":{"line":33,"column":6},"end":{"line":37,"column":null}},"12":{"start":{"line":34,"column":8},"end":{"line":34,"column":null}},"13":{"start":{"line":36,"column":8},"end":{"line":36,"column":null}},"14":{"start":{"line":40,"column":4},"end":{"line":40,"column":null}},"15":{"start":{"line":44,"column":4},"end":{"line":44,"column":null}},"16":{"start":{"line":44,"column":27},"end":{"line":44,"column":null}},"17":{"start":{"line":45,"column":22},"end":{"line":45,"column":null}},"18":{"start":{"line":46,"column":4},"end":{"line":46,"column":null}},"19":{"start":{"line":51,"column":22},"end":{"line":51,"column":null}},"20":{"start":{"line":53,"column":4},"end":{"line":59,"column":null}},"21":{"start":{"line":55,"column":27},"end":{"line":55,"column":null}},"22":{"start":{"line":56,"column":6},"end":{"line":56,"column":null}},"23":{"start":{"line":58,"column":6},"end":{"line":58,"column":null}},"24":{"start":{"line":63,"column":4},"end":{"line":63,"column":null}},"25":{"start":{"line":63,"column":27},"end":{"line":63,"column":null}},"26":{"start":{"line":64,"column":22},"end":{"line":64,"column":null}},"27":{"start":{"line":65,"column":4},"end":{"line":65,"column":null}},"28":{"start":{"line":69,"column":4},"end":{"line":69,"column":null}},"29":{"start":{"line":69,"column":27},"end":{"line":69,"column":null}},"30":{"start":{"line":70,"column":22},"end":{"line":70,"column":null}},"31":{"start":{"line":71,"column":4},"end":{"line":71,"column":null}},"32":{"start":{"line":75,"column":22},"end":{"line":75,"column":null}}},"fnMap":{"0":{"name":"(anonymous_0)","decl":{"start":{"line":17,"column":10},"end":{"line":17,"column":31}},"loc":{"start":{"line":17,"column":31},"end":{"line":19,"column":null}},"line":17},"1":{"name":"(anonymous_1)","decl":{"start":{"line":21,"column":10},"end":{"line":21,"column":26}},"loc":{"start":{"line":21,"column":59},"end":{"line":41,"column":null}},"line":21},"2":{"name":"(anonymous_2)","decl":{"start":{"line":31,"column":45},"end":{"line":31,"column":51}},"loc":{"start":{"line":31,"column":51},"end":{"line":31,"column":null}},"line":31},"3":{"name":"(anonymous_3)","decl":{"start":{"line":43,"column":2},"end":{"line":43,"column":6}},"loc":{"start":{"line":43,"column":51},"end":{"line":47,"column":null}},"line":43},"4":{"name":"(anonymous_4)","decl":{"start":{"line":49,"column":2},"end":{"line":49,"column":8}},"loc":{"start":{"line":49,"column":70},"end":{"line":60,"column":null}},"line":49},"5":{"name":"(anonymous_5)","decl":{"start":{"line":62,"column":2},"end":{"line":62,"column":7}},"loc":{"start":{"line":62,"column":52},"end":{"line":66,"column":null}},"line":62},"6":{"name":"(anonymous_6)","decl":{"start":{"line":68,"column":2},"end":{"line":68,"column":8}},"loc":{"start":{"line":68,"column":53},"end":{"line":72,"column":null}},"line":68}},"branchMap":{"0":{"loc":{"start":{"line":22,"column":4},"end":{"line":24,"column":null}},"type":"if","locations":[{"start":{"line":22,"column":4},"end":{"line":24,"column":null}},{"start":{},"end":{}}],"line":22},"1":{"loc":{"start":{"line":33,"column":6},"end":{"line":37,"column":null}},"type":"if","locations":[{"start":{"line":33,"column":6},"end":{"line":37,"column":null}},{"start":{"line":35,"column":13},"end":{"line":37,"column":null}}],"line":33},"2":{"loc":{"start":{"line":33,"column":10},"end":{"line":33,"column":52}},"type":"binary-expr","locations":[{"start":{"line":33,"column":10},"end":{"line":33,"column":25}},{"start":{"line":33,"column":25},"end":{"line":33,"column":52}}],"line":33},"3":{"loc":{"start":{"line":34,"column":25},"end":{"line":34,"column":null}},"type":"cond-expr","locations":[{"start":{"line":34,"column":44},"end":{"line":34,"column":67}},{"start":{"line":34,"column":70},"end":{"line":34,"column":null}}],"line":34},"4":{"loc":{"start":{"line":44,"column":4},"end":{"line":44,"column":null}},"type":"if","locations":[{"start":{"line":44,"column":4},"end":{"line":44,"column":null}},{"start":{},"end":{}}],"line":44},"5":{"loc":{"start":{"line":45,"column":22},"end":{"line":45,"column":null}},"type":"cond-expr","locations":[{"start":{"line":45,"column":32},"end":{"line":45,"column":64}},{"start":{"line":45,"column":64},"end":{"line":45,"column":null}}],"line":45},"6":{"loc":{"start":{"line":46,"column":32},"end":{"line":46,"column":null}},"type":"binary-expr","locations":[{"start":{"line":46,"column":32},"end":{"line":46,"column":45}},{"start":{"line":46,"column":45},"end":{"line":46,"column":null}}],"line":46},"7":{"loc":{"start":{"line":51,"column":22},"end":{"line":51,"column":null}},"type":"cond-expr","locations":[{"start":{"line":51,"column":32},"end":{"line":51,"column":64}},{"start":{"line":51,"column":64},"end":{"line":51,"column":null}}],"line":51},"8":{"loc":{"start":{"line":53,"column":4},"end":{"line":59,"column":null}},"type":"if","locations":[{"start":{"line":53,"column":4},"end":{"line":59,"column":null}},{"start":{"line":57,"column":11},"end":{"line":59,"column":null}}],"line":53},"9":{"loc":{"start":{"line":55,"column":27},"end":{"line":55,"column":null}},"type":"cond-expr","locations":[{"start":{"line":55,"column":52},"end":{"line":55,"column":65}},{"start":{"line":55,"column":68},"end":{"line":55,"column":null}}],"line":55},"10":{"loc":{"start":{"line":56,"column":57},"end":{"line":56,"column":null}},"type":"binary-expr","locations":[{"start":{"line":56,"column":57},"end":{"line":56,"column":70}},{"start":{"line":56,"column":70},"end":{"line":56,"column":null}}],"line":56},"11":{"loc":{"start":{"line":58,"column":50},"end":{"line":58,"column":null}},"type":"binary-expr","locations":[{"start":{"line":58,"column":50},"end":{"line":58,"column":63}},{"start":{"line":58,"column":63},"end":{"line":58,"column":null}}],"line":58},"12":{"loc":{"start":{"line":63,"column":4},"end":{"line":63,"column":null}},"type":"if","locations":[{"start":{"line":63,"column":4},"end":{"line":63,"column":null}},{"start":{},"end":{}}],"line":63},"13":{"loc":{"start":{"line":64,"column":22},"end":{"line":64,"column":null}},"type":"cond-expr","locations":[{"start":{"line":64,"column":32},"end":{"line":64,"column":64}},{"start":{"line":64,"column":64},"end":{"line":64,"column":null}}],"line":64},"14":{"loc":{"start":{"line":65,"column":39},"end":{"line":65,"column":null}},"type":"binary-expr","locations":[{"start":{"line":65,"column":39},"end":{"line":65,"column":52}},{"start":{"line":65,"column":52},"end":{"line":65,"column":null}}],"line":65},"15":{"loc":{"start":{"line":69,"column":4},"end":{"line":69,"column":null}},"type":"if","locations":[{"start":{"line":69,"column":4},"end":{"line":69,"column":null}},{"start":{},"end":{}}],"line":69},"16":{"loc":{"start":{"line":70,"column":22},"end":{"line":70,"column":null}},"type":"cond-expr","locations":[{"start":{"line":70,"column":32},"end":{"line":70,"column":64}},{"start":{"line":70,"column":64},"end":{"line":70,"column":null}}],"line":70},"17":{"loc":{"start":{"line":71,"column":41},"end":{"line":71,"column":null}},"type":"binary-expr","locations":[{"start":{"line":71,"column":41},"end":{"line":71,"column":54}},{"start":{"line":71,"column":54},"end":{"line":71,"column":null}}],"line":71}},"s":{"0":3,"1":3,"2":45,"3":23,"4":0,"5":23,"6":23,"7":23,"8":55,"9":55,"10":463,"11":55,"12":4,"13":51,"14":23,"15":1,"16":0,"17":1,"18":1,"19":14,"20":14,"21":0,"22":0,"23":14,"24":3,"25":0,"26":3,"27":3,"28":18,"29":0,"30":18,"31":18,"32":3},"f":{"0":45,"1":23,"2":463,"3":1,"4":14,"5":3,"6":18},"b":{"0":[0,23],"1":[4,51],"2":[55,4],"3":[4,0],"4":[0,1],"5":[1,0],"6":[1,0],"7":[1,13],"8":[0,14],"9":[0,0],"10":[0,0],"11":[14,13],"12":[0,3],"13":[3,0],"14":[3,0],"15":[0,18],"16":[18,0],"17":[18,0]},"meta":{"lastBranch":18,"lastFunction":7,"lastStatement":33,"seen":{"s:6:22:6:41":0,"s:7:21:7:41":1,"f:17:10:17:31":0,"s:18:4:18:Infinity":2,"f:21:10:21:26":1,"b:22:4:24:Infinity:undefined:undefined:undefined:undefined":0,"s:22:4:24:Infinity":3,"s:23:6:23:Infinity":4,"s:26:34:26:Infinity":5,"s:27:26:27:Infinity":6,"s:29:4:38:Infinity":7,"s:30:23:30:Infinity":8,"s:31:26:31:Infinity":9,"f:31:45:31:51":2,"s:31:51:31:Infinity":10,"b:33:6:37:Infinity:35:13:37:Infinity":1,"s:33:6:37:Infinity":11,"b:33:10:33:25:33:25:33:52":2,"s:34:8:34:Infinity":12,"b:34:44:34:67:34:70:34:Infinity":3,"s:36:8:36:Infinity":13,"s:40:4:40:Infinity":14,"f:43:2:43:6":3,"b:44:4:44:Infinity:undefined:undefined:undefined:undefined":4,"s:44:4:44:Infinity":15,"s:44:27:44:Infinity":16,"s:45:22:45:Infinity":17,"b:45:32:45:64:45:64:45:Infinity":5,"s:46:4:46:Infinity":18,"b:46:32:46:45:46:45:46:Infinity":6,"f:49:2:49:8":4,"s:51:22:51:Infinity":19,"b:51:32:51:64:51:64:51:Infinity":7,"b:53:4:59:Infinity:57:11:59:Infinity":8,"s:53:4:59:Infinity":20,"s:55:27:55:Infinity":21,"b:55:52:55:65:55:68:55:Infinity":9,"s:56:6:56:Infinity":22,"b:56:57:56:70:56:70:56:Infinity":10,"s:58:6:58:Infinity":23,"b:58:50:58:63:58:63:58:Infinity":11,"f:62:2:62:7":5,"b:63:4:63:Infinity:undefined:undefined:undefined:undefined":12,"s:63:4:63:Infinity":24,"s:63:27:63:Infinity":25,"s:64:22:64:Infinity":26,"b:64:32:64:64:64:64:64:Infinity":13,"s:65:4:65:Infinity":27,"b:65:39:65:52:65:52:65:Infinity":14,"f:68:2:68:8":6,"b:69:4:69:Infinity:undefined:undefined:undefined:undefined":15,"s:69:4:69:Infinity":28,"s:69:27:69:Infinity":29,"s:70:22:70:Infinity":30,"b:70:32:70:64:70:64:70:Infinity":16,"s:71:4:71:Infinity":31,"b:71:41:71:54:71:54:71:Infinity":17,"s:75:22:75:Infinity":32}}}
,"/Users/adezzani/bauScape/ecommerce-homepage/src/utils/priceUtils.ts": {"path":"/Users/adezzani/bauScape/ecommerce-homepage/src/utils/priceUtils.ts","statementMap":{"0":{"start":{"line":16,"column":2},"end":{"line":16,"column":null}},"1":{"start":{"line":23,"column":2},"end":{"line":23,"column":null}},"2":{"start":{"line":31,"column":21},"end":{"line":31,"column":null}},"3":{"start":{"line":32,"column":19},"end":{"line":32,"column":null}},"4":{"start":{"line":33,"column":16},"end":{"line":33,"column":null}},"5":{"start":{"line":35,"column":2},"end":{"line":37,"column":null}},"6":{"start":{"line":36,"column":4},"end":{"line":36,"column":null}},"7":{"start":{"line":39,"column":2},"end":{"line":39,"column":null}}},"fnMap":{"0":{"name":"getProductMinimumPrice","decl":{"start":{"line":15,"column":16},"end":{"line":15,"column":39}},"loc":{"start":{"line":15,"column":55},"end":{"line":17,"column":null}},"line":15},"1":{"name":"formatPriceFrom","decl":{"start":{"line":22,"column":16},"end":{"line":22,"column":32}},"loc":{"start":{"line":22,"column":45},"end":{"line":24,"column":null}},"line":22},"2":{"name":"getPriceForOneAdultOneDog","decl":{"start":{"line":30,"column":16},"end":{"line":30,"column":42}},"loc":{"start":{"line":30,"column":116},"end":{"line":40,"column":null}},"line":30}},"branchMap":{"0":{"loc":{"start":{"line":31,"column":21},"end":{"line":31,"column":null}},"type":"binary-expr","locations":[{"start":{"line":31,"column":21},"end":{"line":31,"column":35}},{"start":{"line":31,"column":35},"end":{"line":31,"column":null}}],"line":31},"1":{"loc":{"start":{"line":32,"column":19},"end":{"line":32,"column":null}},"type":"binary-expr","locations":[{"start":{"line":32,"column":19},"end":{"line":32,"column":31}},{"start":{"line":32,"column":31},"end":{"line":32,"column":null}}],"line":32},"2":{"loc":{"start":{"line":35,"column":2},"end":{"line":37,"column":null}},"type":"if","locations":[{"start":{"line":35,"column":2},"end":{"line":37,"column":null}},{"start":{},"end":{}}],"line":35}},"s":{"0":5,"1":5,"2":6,"3":6,"4":6,"5":6,"6":3,"7":3},"f":{"0":5,"1":5,"2":6},"b":{"0":[6,3],"1":[6,3],"2":[3,3]},"meta":{"lastBranch":3,"lastFunction":3,"lastStatement":8,"seen":{"f:15:16:15:39":0,"s:16:2:16:Infinity":0,"f:22:16:22:32":1,"s:23:2:23:Infinity":1,"f:30:16:30:42":2,"s:31:21:31:Infinity":2,"b:31:21:31:35:31:35:31:Infinity":0,"s:32:19:32:Infinity":3,"b:32:19:32:31:32:31:32:Infinity":1,"s:33:16:33:Infinity":4,"b:35:2:37:Infinity:undefined:undefined:undefined:undefined":2,"s:35:2:37:Infinity":5,"s:36:4:36:Infinity":6,"s:39:2:39:Infinity":7}}}
,"/Users/adezzani/bauScape/ecommerce-homepage/src/utils/sitemap.ts": {"path":"/Users/adezzani/bauScape/ecommerce-homepage/src/utils/sitemap.ts","statementMap":{"0":{"start":{"line":8,"column":17},"end":{"line":8,"column":null}},"1":{"start":{"line":18,"column":29},"end":{"line":44,"column":null}},"2":{"start":{"line":47,"column":2},"end":{"line":54,"column":null}},"3":{"start":{"line":48,"column":4},"end":{"line":53,"column":null}},"4":{"start":{"line":57,"column":14},"end":{"line":72,"column":10}},"5":{"start":{"line":64,"column":13},"end":{"line":69,"column":9}},"6":{"start":{"line":74,"column":2},"end":{"line":74,"column":null}},"7":{"start":{"line":78,"column":2},"end":{"line":83,"column":null}}},"fnMap":{"0":{"name":"generateSitemap","decl":{"start":{"line":17,"column":16},"end":{"line":17,"column":32}},"loc":{"start":{"line":17,"column":51},"end":{"line":75,"column":null}},"line":17},"1":{"name":"(anonymous_1)","decl":{"start":{"line":47,"column":19},"end":{"line":47,"column":20}},"loc":{"start":{"line":47,"column":20},"end":{"line":54,"column":null}},"line":47},"2":{"name":"(anonymous_2)","decl":{"start":{"line":64,"column":4},"end":{"line":64,"column":5}},"loc":{"start":{"line":64,"column":13},"end":{"line":69,"column":9}},"line":64},"3":{"name":"escapeXml","decl":{"start":{"line":77,"column":9},"end":{"line":77,"column":19}},"loc":{"start":{"line":77,"column":33},"end":{"line":84,"column":null}},"line":77}},"branchMap":{"0":{"loc":{"start":{"line":66,"column":6},"end":{"line":66,"column":null}},"type":"cond-expr","locations":[{"start":{"line":66,"column":20},"end":{"line":66,"column":55}},{"start":{"line":66,"column":58},"end":{"line":66,"column":null}}],"line":66},"1":{"loc":{"start":{"line":67,"column":6},"end":{"line":67,"column":null}},"type":"cond-expr","locations":[{"start":{"line":67,"column":23},"end":{"line":67,"column":67}},{"start":{"line":67,"column":70},"end":{"line":67,"column":null}}],"line":67},"2":{"loc":{"start":{"line":68,"column":6},"end":{"line":68,"column":null}},"type":"cond-expr","locations":[{"start":{"line":68,"column":35},"end":{"line":68,"column":73}},{"start":{"line":68,"column":76},"end":{"line":68,"column":null}}],"line":68}},"s":{"0":1,"1":5,"2":5,"3":12,"4":5,"5":32,"6":5,"7":32},"f":{"0":5,"1":12,"2":32,"3":32},"b":{"0":[32,0],"1":[32,0],"2":[32,0]},"meta":{"lastBranch":3,"lastFunction":4,"lastStatement":8,"seen":{"s:8:17:8:Infinity":0,"f:17:16:17:32":0,"s:18:29:44:Infinity":1,"s:47:2:54:Infinity":2,"f:47:19:47:20":1,"s:48:4:53:Infinity":3,"s:57:14:72:10":4,"f:64:4:64:5":2,"s:64:13:69:9":5,"b:66:20:66:55:66:58:66:Infinity":0,"b:67:23:67:67:67:70:67:Infinity":1,"b:68:35:68:73:68:76:68:Infinity":2,"s:74:2:74:Infinity":6,"f:77:9:77:19":3,"s:78:2:83:Infinity":7}}}
}
